2018-11-07 21:35:57 4372 [Note] Plugin 'FEDERATED' is disabled.
2018-11-07 21:35:57 4372 [Note] InnoDB: Using atomics to ref count buffer pool pages
2018-11-07 21:35:57 4372 [Note] InnoDB: The InnoDB memory heap is disabled
2018-11-07 21:35:57 4372 [Note] InnoDB: Mutexes and rw_locks use Windows interlocked functions
2018-11-07 21:35:57 4372 [Note] InnoDB: Memory barrier is not used
2018-11-07 21:35:57 4372 [Note] InnoDB: Compressed tables use zlib 1.2.3
2018-11-07 21:35:57 4372 [Note] InnoDB: Not using CPU crc32 instructions
2018-11-07 21:35:57 4372 [Note] InnoDB: Initializing buffer pool, size = 128.0M
2018-11-07 21:35:57 4372 [Note] InnoDB: Completed initialization of buffer pool
2018-11-07 21:35:57 4372 [Note] InnoDB: Highest supported file format is Barracuda.
2018-11-07 21:35:58 4372 [Note] InnoDB: 128 rollback segment(s) are active.
2018-11-07 21:35:58 4372 [Note] InnoDB: Waiting for purge to start
2018-11-07 21:35:58 4372 [Note] InnoDB: 5.6.35 started; log sequence number 1957245
2018-11-07 21:35:58 4372 [Note] Server hostname (bind-address): '*'; port: 3306
2018-11-07 21:35:58 4372 [Note] IPv6 is available.
2018-11-07 21:35:58 4372 [Note]   - '::' resolves to '::';
2018-11-07 21:35:58 4372 [Note] Server socket created on IP: '::'.
2018-11-07 21:35:59 4372 [Note] Event Scheduler: Loaded 0 events
2018-11-07 21:35:59 4372 [Note] MySQL: ready for connections.
Version: '5.6.35'  socket: ''  port: 3306  MySQL Community Server (GPL)
2018-11-16 15:36:17 4372 [Note] MySQL: Normal shutdown

2018-11-16 15:36:17 4372 [Note] Giving 0 client threads a chance to die gracefully
2018-11-16 15:36:17 4372 [Note] Event Scheduler: Purging the queue. 0 events
2018-11-16 15:36:17 4372 [Note] Shutting down slave threads
2018-11-16 15:36:17 4372 [Note] Forcefully disconnecting 0 remaining clients
2018-11-16 15:36:17 4372 [Note] Binlog end
2018-11-16 15:36:17 4372 [Note] Shutting down plugin 'partition'
2018-11-16 15:36:17 4372 [Note] Shutting down plugin 'PERFORMANCE_SCHEMA'
2018-11-16 15:36:17 4372 [Note] Shutting down plugin 'INNODB_SYS_DATAFILES'
2018-11-16 15:36:17 4372 [Note] Shutting down plugin 'INNODB_SYS_TABLESPACES'
2018-11-16 15:36:17 4372 [Note] Shutting down plugin 'INNODB_SYS_FOREIGN_COLS'
2018-11-16 15:36:17 4372 [Note] Shutting down plugin 'INNODB_SYS_FOREIGN'
2018-11-16 15:36:17 4372 [Note] Shutting down plugin 'INNODB_SYS_FIELDS'
2018-11-16 15:36:17 4372 [Note] Shutting down plugin 'INNODB_SYS_COLUMNS'
2018-11-16 15:36:17 4372 [Note] Shutting down plugin 'INNODB_SYS_INDEXES'
2018-11-16 15:36:17 4372 [Note] Shutting down plugin 'INNODB_SYS_TABLESTATS'
2018-11-16 15:36:17 4372 [Note] Shutting down plugin 'INNODB_SYS_TABLES'
2018-11-16 15:36:17 4372 [Note] Shutting down plugin 'INNODB_FT_INDEX_TABLE'
2018-11-16 15:36:17 4372 [Note] Shutting down plugin 'INNODB_FT_INDEX_CACHE'
2018-11-16 15:36:17 4372 [Note] Shutting down plugin 'INNODB_FT_CONFIG'
2018-11-16 15:36:17 4372 [Note] Shutting down plugin 'INNODB_FT_BEING_DELETED'
2018-11-16 15:36:17 4372 [Note] Shutting down plugin 'INNODB_FT_DELETED'
2018-11-16 15:36:17 4372 [Note] Shutting down plugin 'INNODB_FT_DEFAULT_STOPWORD'
2018-11-16 15:36:17 4372 [Note] Shutting down plugin 'INNODB_METRICS'
2018-11-16 15:36:17 4372 [Note] Shutting down plugin 'INNODB_BUFFER_POOL_STATS'
2018-11-16 15:36:17 4372 [Note] Shutting down plugin 'INNODB_BUFFER_PAGE_LRU'
2018-11-16 15:36:17 4372 [Note] Shutting down plugin 'INNODB_BUFFER_PAGE'
2018-11-16 15:36:17 4372 [Note] Shutting down plugin 'INNODB_CMP_PER_INDEX_RESET'
2018-11-16 15:36:17 4372 [Note] Shutting down plugin 'INNODB_CMP_PER_INDEX'
2018-11-16 15:36:17 4372 [Note] Shutting down plugin 'INNODB_CMPMEM_RESET'
2018-11-16 15:36:17 4372 [Note] Shutting down plugin 'INNODB_CMPMEM'
2018-11-16 15:36:17 4372 [Note] Shutting down plugin 'INNODB_CMP_RESET'
2018-11-16 15:36:17 4372 [Note] Shutting down plugin 'INNODB_CMP'
2018-11-16 15:36:17 4372 [Note] Shutting down plugin 'INNODB_LOCK_WAITS'
2018-11-16 15:36:17 4372 [Note] Shutting down plugin 'INNODB_LOCKS'
2018-11-16 15:36:17 4372 [Note] Shutting down plugin 'INNODB_TRX'
2018-11-16 15:36:17 4372 [Note] Shutting down plugin 'InnoDB'
2018-11-16 15:36:17 4372 [Note] InnoDB: FTS optimize thread exiting.
2018-11-16 15:36:17 4372 [Note] InnoDB: Starting shutdown...
2018-11-16 15:36:19 4372 [Note] InnoDB: Shutdown completed; log sequence number 1957255
2018-11-16 15:36:19 4372 [Note] Shutting down plugin 'BLACKHOLE'
2018-11-16 15:36:19 4372 [Note] Shutting down plugin 'ARCHIVE'
2018-11-16 15:36:19 4372 [Note] Shutting down plugin 'MRG_MYISAM'
2018-11-16 15:36:19 4372 [Note] Shutting down plugin 'MyISAM'
2018-11-16 15:36:19 4372 [Note] Shutting down plugin 'MEMORY'
2018-11-16 15:36:19 4372 [Note] Shutting down plugin 'CSV'
2018-11-16 15:36:19 4372 [Note] Shutting down plugin 'sha256_password'
2018-11-16 15:36:19 4372 [Note] Shutting down plugin 'mysql_old_password'
2018-11-16 15:36:19 4372 [Note] Shutting down plugin 'mysql_native_password'
2018-11-16 15:36:19 4372 [Note] Shutting down plugin 'binlog'
2018-11-16 15:36:19 4372 [Note] MySQL: Shutdown complete

2018-12-03 11:16:19 1936 [Note] Plugin 'FEDERATED' is disabled.
2018-12-03 11:16:19 1936 [Note] InnoDB: Using atomics to ref count buffer pool pages
2018-12-03 11:16:19 1936 [Note] InnoDB: The InnoDB memory heap is disabled
2018-12-03 11:16:19 1936 [Note] InnoDB: Mutexes and rw_locks use Windows interlocked functions
2018-12-03 11:16:19 1936 [Note] InnoDB: Memory barrier is not used
2018-12-03 11:16:19 1936 [Note] InnoDB: Compressed tables use zlib 1.2.3
2018-12-03 11:16:19 1936 [Note] InnoDB: Not using CPU crc32 instructions
2018-12-03 11:16:19 1936 [Note] InnoDB: Initializing buffer pool, size = 128.0M
2018-12-03 11:16:19 1936 [Note] InnoDB: Completed initialization of buffer pool
2018-12-03 11:16:19 1936 [Note] InnoDB: Highest supported file format is Barracuda.
2018-12-03 11:16:20 1936 [Note] InnoDB: 128 rollback segment(s) are active.
2018-12-03 11:16:20 1936 [Note] InnoDB: Waiting for purge to start
2018-12-03 11:16:20 1936 [Note] InnoDB: 5.6.35 started; log sequence number 1957255
2018-12-03 11:16:20 1936 [Note] Server hostname (bind-address): '*'; port: 3306
2018-12-03 11:16:20 1936 [Note] IPv6 is available.
2018-12-03 11:16:20 1936 [Note]   - '::' resolves to '::';
2018-12-03 11:16:20 1936 [Note] Server socket created on IP: '::'.
2018-12-03 11:16:21 1936 [Note] Event Scheduler: Loaded 0 events
2018-12-03 11:16:21 1936 [Note] MySQL: ready for connections.
Version: '5.6.35'  socket: ''  port: 3306  MySQL Community Server (GPL)
2018-12-03 14:21:54 1936 [Note] MySQL: Normal shutdown

2018-12-03 14:21:54 1936 [Note] Giving 0 client threads a chance to die gracefully
2018-12-03 14:21:54 1936 [Note] Event Scheduler: Purging the queue. 0 events
2018-12-03 14:21:54 1936 [Note] Shutting down slave threads
2018-12-03 14:21:54 1936 [Note] Forcefully disconnecting 0 remaining clients
2018-12-03 14:21:54 1936 [Note] Binlog end
2018-12-03 14:21:54 1936 [Note] Shutting down plugin 'partition'
2018-12-03 14:21:54 1936 [Note] Shutting down plugin 'PERFORMANCE_SCHEMA'
2018-12-03 14:21:54 1936 [Note] Shutting down plugin 'INNODB_SYS_DATAFILES'
2018-12-03 14:21:54 1936 [Note] Shutting down plugin 'INNODB_SYS_TABLESPACES'
2018-12-03 14:21:54 1936 [Note] Shutting down plugin 'INNODB_SYS_FOREIGN_COLS'
2018-12-03 14:21:54 1936 [Note] Shutting down plugin 'INNODB_SYS_FOREIGN'
2018-12-03 14:21:54 1936 [Note] Shutting down plugin 'INNODB_SYS_FIELDS'
2018-12-03 14:21:54 1936 [Note] Shutting down plugin 'INNODB_SYS_COLUMNS'
2018-12-03 14:21:54 1936 [Note] Shutting down plugin 'INNODB_SYS_INDEXES'
2018-12-03 14:21:54 1936 [Note] Shutting down plugin 'INNODB_SYS_TABLESTATS'
2018-12-03 14:21:54 1936 [Note] Shutting down plugin 'INNODB_SYS_TABLES'
2018-12-03 14:21:54 1936 [Note] Shutting down plugin 'INNODB_FT_INDEX_TABLE'
2018-12-03 14:21:54 1936 [Note] Shutting down plugin 'INNODB_FT_INDEX_CACHE'
2018-12-03 14:21:54 1936 [Note] Shutting down plugin 'INNODB_FT_CONFIG'
2018-12-03 14:21:54 1936 [Note] Shutting down plugin 'INNODB_FT_BEING_DELETED'
2018-12-03 14:21:54 1936 [Note] Shutting down plugin 'INNODB_FT_DELETED'
2018-12-03 14:21:54 1936 [Note] Shutting down plugin 'INNODB_FT_DEFAULT_STOPWORD'
2018-12-03 14:21:54 1936 [Note] Shutting down plugin 'INNODB_METRICS'
2018-12-03 14:21:54 1936 [Note] Shutting down plugin 'INNODB_BUFFER_POOL_STATS'
2018-12-03 14:21:54 1936 [Note] Shutting down plugin 'INNODB_BUFFER_PAGE_LRU'
2018-12-03 14:21:54 1936 [Note] Shutting down plugin 'INNODB_BUFFER_PAGE'
2018-12-03 14:21:54 1936 [Note] Shutting down plugin 'INNODB_CMP_PER_INDEX_RESET'
2018-12-03 14:21:54 1936 [Note] Shutting down plugin 'INNODB_CMP_PER_INDEX'
2018-12-03 14:21:54 1936 [Note] Shutting down plugin 'INNODB_CMPMEM_RESET'
2018-12-03 14:21:54 1936 [Note] Shutting down plugin 'INNODB_CMPMEM'
2018-12-03 14:21:54 1936 [Note] Shutting down plugin 'INNODB_CMP_RESET'
2018-12-03 14:21:54 1936 [Note] Shutting down plugin 'INNODB_CMP'
2018-12-03 14:21:54 1936 [Note] Shutting down plugin 'INNODB_LOCK_WAITS'
2018-12-03 14:21:54 1936 [Note] Shutting down plugin 'INNODB_LOCKS'
2018-12-03 14:21:54 1936 [Note] Shutting down plugin 'INNODB_TRX'
2018-12-03 14:21:54 1936 [Note] Shutting down plugin 'InnoDB'
2018-12-03 14:21:54 1936 [Note] InnoDB: FTS optimize thread exiting.
2018-12-03 14:21:54 1936 [Note] InnoDB: Starting shutdown...
2018-12-03 14:21:55 1936 [Note] InnoDB: Shutdown completed; log sequence number 2318456
2018-12-03 14:21:55 1936 [Note] Shutting down plugin 'BLACKHOLE'
2018-12-03 14:21:55 1936 [Note] Shutting down plugin 'ARCHIVE'
2018-12-03 14:21:55 1936 [Note] Shutting down plugin 'MRG_MYISAM'
2018-12-03 14:21:55 1936 [Note] Shutting down plugin 'MyISAM'
2018-12-03 14:21:55 1936 [Note] Shutting down plugin 'MEMORY'
2018-12-03 14:21:55 1936 [Note] Shutting down plugin 'CSV'
2018-12-03 14:21:55 1936 [Note] Shutting down plugin 'sha256_password'
2018-12-03 14:21:55 1936 [Note] Shutting down plugin 'mysql_old_password'
2018-12-03 14:21:55 1936 [Note] Shutting down plugin 'mysql_native_password'
2018-12-03 14:21:55 1936 [Note] Shutting down plugin 'binlog'
2018-12-03 14:21:55 1936 [Note] MySQL: Shutdown complete

2018-12-03 16:47:11 16128 [Note] Plugin 'FEDERATED' is disabled.
2018-12-03 16:47:11 16128 [Note] InnoDB: Using atomics to ref count buffer pool pages
2018-12-03 16:47:11 16128 [Note] InnoDB: The InnoDB memory heap is disabled
2018-12-03 16:47:11 16128 [Note] InnoDB: Mutexes and rw_locks use Windows interlocked functions
2018-12-03 16:47:11 16128 [Note] InnoDB: Memory barrier is not used
2018-12-03 16:47:11 16128 [Note] InnoDB: Compressed tables use zlib 1.2.3
2018-12-03 16:47:11 16128 [Note] InnoDB: Not using CPU crc32 instructions
2018-12-03 16:47:11 16128 [Note] InnoDB: Initializing buffer pool, size = 128.0M
2018-12-03 16:47:11 16128 [Note] InnoDB: Completed initialization of buffer pool
2018-12-03 16:47:11 16128 [Note] InnoDB: Highest supported file format is Barracuda.
2018-12-03 16:47:12 16128 [Note] InnoDB: 128 rollback segment(s) are active.
2018-12-03 16:47:12 16128 [Note] InnoDB: Waiting for purge to start
2018-12-03 16:47:12 16128 [Note] InnoDB: 5.6.35 started; log sequence number 2318456
2018-12-03 16:47:12 16128 [Note] Server hostname (bind-address): '*'; port: 3306
2018-12-03 16:47:12 16128 [Note] IPv6 is available.
2018-12-03 16:47:12 16128 [Note]   - '::' resolves to '::';
2018-12-03 16:47:12 16128 [Note] Server socket created on IP: '::'.
2018-12-03 16:47:13 16128 [Note] Event Scheduler: Loaded 0 events
2018-12-03 16:47:13 16128 [Note] MySQL: ready for connections.
Version: '5.6.35'  socket: ''  port: 3306  MySQL Community Server (GPL)
2018-12-06 10:23:20 16128 [Note] MySQL: Normal shutdown

2018-12-06 10:23:20 16128 [Note] Giving 0 client threads a chance to die gracefully
2018-12-06 10:23:20 16128 [Note] Event Scheduler: Purging the queue. 0 events
2018-12-06 10:23:20 16128 [Note] Shutting down slave threads
2018-12-06 10:23:20 16128 [Note] Forcefully disconnecting 0 remaining clients
2018-12-06 10:23:20 16128 [Note] Binlog end
2018-12-06 10:23:20 16128 [Note] Shutting down plugin 'partition'
2018-12-06 10:23:20 16128 [Note] Shutting down plugin 'PERFORMANCE_SCHEMA'
2018-12-06 10:23:20 16128 [Note] Shutting down plugin 'INNODB_SYS_DATAFILES'
2018-12-06 10:23:20 16128 [Note] Shutting down plugin 'INNODB_SYS_TABLESPACES'
2018-12-06 10:23:20 16128 [Note] Shutting down plugin 'INNODB_SYS_FOREIGN_COLS'
2018-12-06 10:23:20 16128 [Note] Shutting down plugin 'INNODB_SYS_FOREIGN'
2018-12-06 10:23:20 16128 [Note] Shutting down plugin 'INNODB_SYS_FIELDS'
2018-12-06 10:23:20 16128 [Note] Shutting down plugin 'INNODB_SYS_COLUMNS'
2018-12-06 10:23:20 16128 [Note] Shutting down plugin 'INNODB_SYS_INDEXES'
2018-12-06 10:23:20 16128 [Note] Shutting down plugin 'INNODB_SYS_TABLESTATS'
2018-12-06 10:23:20 16128 [Note] Shutting down plugin 'INNODB_SYS_TABLES'
2018-12-06 10:23:20 16128 [Note] Shutting down plugin 'INNODB_FT_INDEX_TABLE'
2018-12-06 10:23:20 16128 [Note] Shutting down plugin 'INNODB_FT_INDEX_CACHE'
2018-12-06 10:23:20 16128 [Note] Shutting down plugin 'INNODB_FT_CONFIG'
2018-12-06 10:23:20 16128 [Note] Shutting down plugin 'INNODB_FT_BEING_DELETED'
2018-12-06 10:23:20 16128 [Note] Shutting down plugin 'INNODB_FT_DELETED'
2018-12-06 10:23:20 16128 [Note] Shutting down plugin 'INNODB_FT_DEFAULT_STOPWORD'
2018-12-06 10:23:20 16128 [Note] Shutting down plugin 'INNODB_METRICS'
2018-12-06 10:23:20 16128 [Note] Shutting down plugin 'INNODB_BUFFER_POOL_STATS'
2018-12-06 10:23:20 16128 [Note] Shutting down plugin 'INNODB_BUFFER_PAGE_LRU'
2018-12-06 10:23:20 16128 [Note] Shutting down plugin 'INNODB_BUFFER_PAGE'
2018-12-06 10:23:20 16128 [Note] Shutting down plugin 'INNODB_CMP_PER_INDEX_RESET'
2018-12-06 10:23:20 16128 [Note] Shutting down plugin 'INNODB_CMP_PER_INDEX'
2018-12-06 10:23:20 16128 [Note] Shutting down plugin 'INNODB_CMPMEM_RESET'
2018-12-06 10:23:20 16128 [Note] Shutting down plugin 'INNODB_CMPMEM'
2018-12-06 10:23:20 16128 [Note] Shutting down plugin 'INNODB_CMP_RESET'
2018-12-06 10:23:20 16128 [Note] Shutting down plugin 'INNODB_CMP'
2018-12-06 10:23:20 16128 [Note] Shutting down plugin 'INNODB_LOCK_WAITS'
2018-12-06 10:23:20 16128 [Note] Shutting down plugin 'INNODB_LOCKS'
2018-12-06 10:23:20 16128 [Note] Shutting down plugin 'INNODB_TRX'
2018-12-06 10:23:20 16128 [Note] Shutting down plugin 'InnoDB'
2018-12-06 10:23:20 16128 [Note] InnoDB: FTS optimize thread exiting.
2018-12-06 10:23:20 16128 [Note] InnoDB: Starting shutdown...
2018-12-06 10:23:22 16128 [Note] InnoDB: Shutdown completed; log sequence number 2318466
2018-12-06 10:23:22 16128 [Note] Shutting down plugin 'BLACKHOLE'
2018-12-06 10:23:22 16128 [Note] Shutting down plugin 'ARCHIVE'
2018-12-06 10:23:22 16128 [Note] Shutting down plugin 'MRG_MYISAM'
2018-12-06 10:23:22 16128 [Note] Shutting down plugin 'MyISAM'
2018-12-06 10:23:22 16128 [Note] Shutting down plugin 'MEMORY'
2018-12-06 10:23:22 16128 [Note] Shutting down plugin 'CSV'
2018-12-06 10:23:22 16128 [Note] Shutting down plugin 'sha256_password'
2018-12-06 10:23:22 16128 [Note] Shutting down plugin 'mysql_old_password'
2018-12-06 10:23:22 16128 [Note] Shutting down plugin 'mysql_native_password'
2018-12-06 10:23:22 16128 [Note] Shutting down plugin 'binlog'
2018-12-06 10:23:22 16128 [Note] MySQL: Shutdown complete

2018-12-06 10:28:18 10036 [Note] Plugin 'FEDERATED' is disabled.
2018-12-06 10:28:18 10036 [Note] InnoDB: Using atomics to ref count buffer pool pages
2018-12-06 10:28:18 10036 [Note] InnoDB: The InnoDB memory heap is disabled
2018-12-06 10:28:18 10036 [Note] InnoDB: Mutexes and rw_locks use Windows interlocked functions
2018-12-06 10:28:18 10036 [Note] InnoDB: Memory barrier is not used
2018-12-06 10:28:18 10036 [Note] InnoDB: Compressed tables use zlib 1.2.3
2018-12-06 10:28:18 10036 [Note] InnoDB: Not using CPU crc32 instructions
2018-12-06 10:28:18 10036 [Note] InnoDB: Initializing buffer pool, size = 128.0M
2018-12-06 10:28:18 10036 [Note] InnoDB: Completed initialization of buffer pool
2018-12-06 10:28:18 10036 [Note] InnoDB: Highest supported file format is Barracuda.
2018-12-06 10:28:19 10036 [Note] InnoDB: 128 rollback segment(s) are active.
2018-12-06 10:28:19 10036 [Note] InnoDB: Waiting for purge to start
2018-12-06 10:28:19 10036 [Note] InnoDB: 5.6.35 started; log sequence number 2318466
2018-12-06 10:28:19 10036 [Note] Server hostname (bind-address): '*'; port: 3306
2018-12-06 10:28:19 10036 [Note] IPv6 is available.
2018-12-06 10:28:19 10036 [Note]   - '::' resolves to '::';
2018-12-06 10:28:19 10036 [Note] Server socket created on IP: '::'.
2018-12-06 10:28:20 10036 [Note] Event Scheduler: Loaded 0 events
2018-12-06 10:28:20 10036 [Note] MySQL: ready for connections.
Version: '5.6.35'  socket: ''  port: 3306  MySQL Community Server (GPL)
2018-12-06 10:29:44 10036 [Note] MySQL: Normal shutdown

2018-12-06 10:29:44 10036 [Note] Giving 0 client threads a chance to die gracefully
2018-12-06 10:29:44 10036 [Note] Event Scheduler: Purging the queue. 0 events
2018-12-06 10:29:44 10036 [Note] Shutting down slave threads
2018-12-06 10:29:44 10036 [Note] Forcefully disconnecting 0 remaining clients
2018-12-06 10:29:44 10036 [Note] Binlog end
2018-12-06 10:29:44 10036 [Note] Shutting down plugin 'partition'
2018-12-06 10:29:44 10036 [Note] Shutting down plugin 'PERFORMANCE_SCHEMA'
2018-12-06 10:29:44 10036 [Note] Shutting down plugin 'INNODB_SYS_DATAFILES'
2018-12-06 10:29:44 10036 [Note] Shutting down plugin 'INNODB_SYS_TABLESPACES'
2018-12-06 10:29:44 10036 [Note] Shutting down plugin 'INNODB_SYS_FOREIGN_COLS'
2018-12-06 10:29:44 10036 [Note] Shutting down plugin 'INNODB_SYS_FOREIGN'
2018-12-06 10:29:44 10036 [Note] Shutting down plugin 'INNODB_SYS_FIELDS'
2018-12-06 10:29:44 10036 [Note] Shutting down plugin 'INNODB_SYS_COLUMNS'
2018-12-06 10:29:44 10036 [Note] Shutting down plugin 'INNODB_SYS_INDEXES'
2018-12-06 10:29:44 10036 [Note] Shutting down plugin 'INNODB_SYS_TABLESTATS'
2018-12-06 10:29:44 10036 [Note] Shutting down plugin 'INNODB_SYS_TABLES'
2018-12-06 10:29:44 10036 [Note] Shutting down plugin 'INNODB_FT_INDEX_TABLE'
2018-12-06 10:29:44 10036 [Note] Shutting down plugin 'INNODB_FT_INDEX_CACHE'
2018-12-06 10:29:44 10036 [Note] Shutting down plugin 'INNODB_FT_CONFIG'
2018-12-06 10:29:44 10036 [Note] Shutting down plugin 'INNODB_FT_BEING_DELETED'
2018-12-06 10:29:44 10036 [Note] Shutting down plugin 'INNODB_FT_DELETED'
2018-12-06 10:29:44 10036 [Note] Shutting down plugin 'INNODB_FT_DEFAULT_STOPWORD'
2018-12-06 10:29:44 10036 [Note] Shutting down plugin 'INNODB_METRICS'
2018-12-06 10:29:44 10036 [Note] Shutting down plugin 'INNODB_BUFFER_POOL_STATS'
2018-12-06 10:29:44 10036 [Note] Shutting down plugin 'INNODB_BUFFER_PAGE_LRU'
2018-12-06 10:29:44 10036 [Note] Shutting down plugin 'INNODB_BUFFER_PAGE'
2018-12-06 10:29:44 10036 [Note] Shutting down plugin 'INNODB_CMP_PER_INDEX_RESET'
2018-12-06 10:29:44 10036 [Note] Shutting down plugin 'INNODB_CMP_PER_INDEX'
2018-12-06 10:29:44 10036 [Note] Shutting down plugin 'INNODB_CMPMEM_RESET'
2018-12-06 10:29:44 10036 [Note] Shutting down plugin 'INNODB_CMPMEM'
2018-12-06 10:29:44 10036 [Note] Shutting down plugin 'INNODB_CMP_RESET'
2018-12-06 10:29:44 10036 [Note] Shutting down plugin 'INNODB_CMP'
2018-12-06 10:29:44 10036 [Note] Shutting down plugin 'INNODB_LOCK_WAITS'
2018-12-06 10:29:44 10036 [Note] Shutting down plugin 'INNODB_LOCKS'
2018-12-06 10:29:44 10036 [Note] Shutting down plugin 'INNODB_TRX'
2018-12-06 10:29:44 10036 [Note] Shutting down plugin 'InnoDB'
2018-12-06 10:29:44 10036 [Note] InnoDB: FTS optimize thread exiting.
2018-12-06 10:29:44 10036 [Note] InnoDB: Starting shutdown...
2018-12-06 10:29:45 10036 [Note] InnoDB: Shutdown completed; log sequence number 2318476
2018-12-06 10:29:45 10036 [Note] Shutting down plugin 'BLACKHOLE'
2018-12-06 10:29:45 10036 [Note] Shutting down plugin 'ARCHIVE'
2018-12-06 10:29:45 10036 [Note] Shutting down plugin 'MRG_MYISAM'
2018-12-06 10:29:45 10036 [Note] Shutting down plugin 'MyISAM'
2018-12-06 10:29:45 10036 [Note] Shutting down plugin 'MEMORY'
2018-12-06 10:29:45 10036 [Note] Shutting down plugin 'CSV'
2018-12-06 10:29:45 10036 [Note] Shutting down plugin 'sha256_password'
2018-12-06 10:29:45 10036 [Note] Shutting down plugin 'mysql_old_password'
2018-12-06 10:29:45 10036 [Note] Shutting down plugin 'mysql_native_password'
2018-12-06 10:29:45 10036 [Note] Shutting down plugin 'binlog'
2018-12-06 10:29:45 10036 [Note] MySQL: Shutdown complete

2018-12-06 10:29:52 11192 [Note] Plugin 'FEDERATED' is disabled.
2018-12-06 10:29:52 11192 [Note] InnoDB: Using atomics to ref count buffer pool pages
2018-12-06 10:29:52 11192 [Note] InnoDB: The InnoDB memory heap is disabled
2018-12-06 10:29:52 11192 [Note] InnoDB: Mutexes and rw_locks use Windows interlocked functions
2018-12-06 10:29:52 11192 [Note] InnoDB: Memory barrier is not used
2018-12-06 10:29:52 11192 [Note] InnoDB: Compressed tables use zlib 1.2.3
2018-12-06 10:29:52 11192 [Note] InnoDB: Not using CPU crc32 instructions
2018-12-06 10:29:52 11192 [Note] InnoDB: Initializing buffer pool, size = 128.0M
2018-12-06 10:29:52 11192 [Note] InnoDB: Completed initialization of buffer pool
2018-12-06 10:29:52 11192 [Note] InnoDB: Highest supported file format is Barracuda.
2018-12-06 10:29:53 11192 [Note] InnoDB: 128 rollback segment(s) are active.
2018-12-06 10:29:53 11192 [Note] InnoDB: Waiting for purge to start
2018-12-06 10:29:53 11192 [Note] InnoDB: 5.6.35 started; log sequence number 2318476
2018-12-06 10:29:53 11192 [Note] Server hostname (bind-address): '*'; port: 3306
2018-12-06 10:29:53 11192 [Note] IPv6 is available.
2018-12-06 10:29:53 11192 [Note]   - '::' resolves to '::';
2018-12-06 10:29:53 11192 [Note] Server socket created on IP: '::'.
2018-12-06 10:29:53 11192 [Note] Event Scheduler: Loaded 0 events
2018-12-06 10:29:53 11192 [Note] MySQL: ready for connections.
Version: '5.6.35'  socket: ''  port: 3306  MySQL Community Server (GPL)
2018-12-06 10:30:14 11192 [Note] MySQL: Normal shutdown

2018-12-06 10:30:14 11192 [Note] Giving 0 client threads a chance to die gracefully
2018-12-06 10:30:14 11192 [Note] Event Scheduler: Purging the queue. 0 events
2018-12-06 10:30:14 11192 [Note] Shutting down slave threads
2018-12-06 10:30:14 11192 [Note] Forcefully disconnecting 0 remaining clients
2018-12-06 10:30:14 11192 [Note] Binlog end
2018-12-06 10:30:14 11192 [Note] Shutting down plugin 'partition'
2018-12-06 10:30:14 11192 [Note] Shutting down plugin 'PERFORMANCE_SCHEMA'
2018-12-06 10:30:14 11192 [Note] Shutting down plugin 'INNODB_SYS_DATAFILES'
2018-12-06 10:30:14 11192 [Note] Shutting down plugin 'INNODB_SYS_TABLESPACES'
2018-12-06 10:30:14 11192 [Note] Shutting down plugin 'INNODB_SYS_FOREIGN_COLS'
2018-12-06 10:30:14 11192 [Note] Shutting down plugin 'INNODB_SYS_FOREIGN'
2018-12-06 10:30:14 11192 [Note] Shutting down plugin 'INNODB_SYS_FIELDS'
2018-12-06 10:30:14 11192 [Note] Shutting down plugin 'INNODB_SYS_COLUMNS'
2018-12-06 10:30:14 11192 [Note] Shutting down plugin 'INNODB_SYS_INDEXES'
2018-12-06 10:30:14 11192 [Note] Shutting down plugin 'INNODB_SYS_TABLESTATS'
2018-12-06 10:30:14 11192 [Note] Shutting down plugin 'INNODB_SYS_TABLES'
2018-12-06 10:30:14 11192 [Note] Shutting down plugin 'INNODB_FT_INDEX_TABLE'
2018-12-06 10:30:14 11192 [Note] Shutting down plugin 'INNODB_FT_INDEX_CACHE'
2018-12-06 10:30:14 11192 [Note] Shutting down plugin 'INNODB_FT_CONFIG'
2018-12-06 10:30:14 11192 [Note] Shutting down plugin 'INNODB_FT_BEING_DELETED'
2018-12-06 10:30:14 11192 [Note] Shutting down plugin 'INNODB_FT_DELETED'
2018-12-06 10:30:14 11192 [Note] Shutting down plugin 'INNODB_FT_DEFAULT_STOPWORD'
2018-12-06 10:30:14 11192 [Note] Shutting down plugin 'INNODB_METRICS'
2018-12-06 10:30:14 11192 [Note] Shutting down plugin 'INNODB_BUFFER_POOL_STATS'
2018-12-06 10:30:14 11192 [Note] Shutting down plugin 'INNODB_BUFFER_PAGE_LRU'
2018-12-06 10:30:14 11192 [Note] Shutting down plugin 'INNODB_BUFFER_PAGE'
2018-12-06 10:30:14 11192 [Note] Shutting down plugin 'INNODB_CMP_PER_INDEX_RESET'
2018-12-06 10:30:14 11192 [Note] Shutting down plugin 'INNODB_CMP_PER_INDEX'
2018-12-06 10:30:14 11192 [Note] Shutting down plugin 'INNODB_CMPMEM_RESET'
2018-12-06 10:30:14 11192 [Note] Shutting down plugin 'INNODB_CMPMEM'
2018-12-06 10:30:14 11192 [Note] Shutting down plugin 'INNODB_CMP_RESET'
2018-12-06 10:30:14 11192 [Note] Shutting down plugin 'INNODB_CMP'
2018-12-06 10:30:14 11192 [Note] Shutting down plugin 'INNODB_LOCK_WAITS'
2018-12-06 10:30:14 11192 [Note] Shutting down plugin 'INNODB_LOCKS'
2018-12-06 10:30:14 11192 [Note] Shutting down plugin 'INNODB_TRX'
2018-12-06 10:30:14 11192 [Note] Shutting down plugin 'InnoDB'
2018-12-06 10:30:14 11192 [Note] InnoDB: FTS optimize thread exiting.
2018-12-06 10:30:14 11192 [Note] InnoDB: Starting shutdown...
2018-12-06 10:30:15 11192 [Note] InnoDB: Shutdown completed; log sequence number 2318486
2018-12-06 10:30:15 11192 [Note] Shutting down plugin 'BLACKHOLE'
2018-12-06 10:30:15 11192 [Note] Shutting down plugin 'ARCHIVE'
2018-12-06 10:30:15 11192 [Note] Shutting down plugin 'MRG_MYISAM'
2018-12-06 10:30:15 11192 [Note] Shutting down plugin 'MyISAM'
2018-12-06 10:30:15 11192 [Note] Shutting down plugin 'MEMORY'
2018-12-06 10:30:15 11192 [Note] Shutting down plugin 'CSV'
2018-12-06 10:30:15 11192 [Note] Shutting down plugin 'sha256_password'
2018-12-06 10:30:15 11192 [Note] Shutting down plugin 'mysql_old_password'
2018-12-06 10:30:15 11192 [Note] Shutting down plugin 'mysql_native_password'
2018-12-06 10:30:15 11192 [Note] Shutting down plugin 'binlog'
2018-12-06 10:30:15 11192 [Note] MySQL: Shutdown complete

2018-12-06 10:34:56 9812 [Note] Plugin 'FEDERATED' is disabled.
2018-12-06 10:34:56 9812 [Note] InnoDB: Using atomics to ref count buffer pool pages
2018-12-06 10:34:56 9812 [Note] InnoDB: The InnoDB memory heap is disabled
2018-12-06 10:34:56 9812 [Note] InnoDB: Mutexes and rw_locks use Windows interlocked functions
2018-12-06 10:34:56 9812 [Note] InnoDB: Memory barrier is not used
2018-12-06 10:34:56 9812 [Note] InnoDB: Compressed tables use zlib 1.2.3
2018-12-06 10:34:56 9812 [Note] InnoDB: Not using CPU crc32 instructions
2018-12-06 10:34:56 9812 [Note] InnoDB: Initializing buffer pool, size = 128.0M
2018-12-06 10:34:56 9812 [Note] InnoDB: Completed initialization of buffer pool
2018-12-06 10:34:56 9812 [Note] InnoDB: Highest supported file format is Barracuda.
2018-12-06 10:34:56 9812 [Note] InnoDB: 128 rollback segment(s) are active.
2018-12-06 10:34:56 9812 [Note] InnoDB: Waiting for purge to start
2018-12-06 10:34:56 9812 [Note] InnoDB: 5.6.35 started; log sequence number 2318486
2018-12-06 10:34:56 9812 [Note] Server hostname (bind-address): '*'; port: 3306
2018-12-06 10:34:56 9812 [Note] IPv6 is available.
2018-12-06 10:34:56 9812 [Note]   - '::' resolves to '::';
2018-12-06 10:34:56 9812 [Note] Server socket created on IP: '::'.
2018-12-06 10:34:57 9812 [Note] Event Scheduler: Loaded 0 events
2018-12-06 10:34:57 9812 [Note] MySQL: ready for connections.
Version: '5.6.35'  socket: ''  port: 3306  MySQL Community Server (GPL)
2018-12-06 23:46:21 9812 [Note] MySQL: Normal shutdown

2018-12-06 23:46:21 9812 [Note] Giving 0 client threads a chance to die gracefully
2018-12-06 23:46:21 9812 [Note] Event Scheduler: Purging the queue. 0 events
2018-12-06 23:46:21 9812 [Note] Shutting down slave threads
2018-12-06 23:46:21 9812 [Note] Forcefully disconnecting 0 remaining clients
2018-12-06 23:46:21 9812 [Note] Binlog end
2018-12-06 23:46:21 9812 [Note] Shutting down plugin 'partition'
2018-12-06 23:46:21 9812 [Note] Shutting down plugin 'PERFORMANCE_SCHEMA'
2018-12-06 23:46:21 9812 [Note] Shutting down plugin 'INNODB_SYS_DATAFILES'
2018-12-06 23:46:21 9812 [Note] Shutting down plugin 'INNODB_SYS_TABLESPACES'
2018-12-06 23:46:21 9812 [Note] Shutting down plugin 'INNODB_SYS_FOREIGN_COLS'
2018-12-06 23:46:21 9812 [Note] Shutting down plugin 'INNODB_SYS_FOREIGN'
2018-12-06 23:46:21 9812 [Note] Shutting down plugin 'INNODB_SYS_FIELDS'
2018-12-06 23:46:21 9812 [Note] Shutting down plugin 'INNODB_SYS_COLUMNS'
2018-12-06 23:46:21 9812 [Note] Shutting down plugin 'INNODB_SYS_INDEXES'
2018-12-06 23:46:21 9812 [Note] Shutting down plugin 'INNODB_SYS_TABLESTATS'
2018-12-06 23:46:21 9812 [Note] Shutting down plugin 'INNODB_SYS_TABLES'
2018-12-06 23:46:21 9812 [Note] Shutting down plugin 'INNODB_FT_INDEX_TABLE'
2018-12-06 23:46:21 9812 [Note] Shutting down plugin 'INNODB_FT_INDEX_CACHE'
2018-12-06 23:46:21 9812 [Note] Shutting down plugin 'INNODB_FT_CONFIG'
2018-12-06 23:46:21 9812 [Note] Shutting down plugin 'INNODB_FT_BEING_DELETED'
2018-12-06 23:46:21 9812 [Note] Shutting down plugin 'INNODB_FT_DELETED'
2018-12-06 23:46:21 9812 [Note] Shutting down plugin 'INNODB_FT_DEFAULT_STOPWORD'
2018-12-06 23:46:21 9812 [Note] Shutting down plugin 'INNODB_METRICS'
2018-12-06 23:46:21 9812 [Note] Shutting down plugin 'INNODB_BUFFER_POOL_STATS'
2018-12-06 23:46:21 9812 [Note] Shutting down plugin 'INNODB_BUFFER_PAGE_LRU'
2018-12-06 23:46:21 9812 [Note] Shutting down plugin 'INNODB_BUFFER_PAGE'
2018-12-06 23:46:21 9812 [Note] Shutting down plugin 'INNODB_CMP_PER_INDEX_RESET'
2018-12-06 23:46:21 9812 [Note] Shutting down plugin 'INNODB_CMP_PER_INDEX'
2018-12-06 23:46:21 9812 [Note] Shutting down plugin 'INNODB_CMPMEM_RESET'
2018-12-06 23:46:21 9812 [Note] Shutting down plugin 'INNODB_CMPMEM'
2018-12-06 23:46:21 9812 [Note] Shutting down plugin 'INNODB_CMP_RESET'
2018-12-06 23:46:21 9812 [Note] Shutting down plugin 'INNODB_CMP'
2018-12-06 23:46:21 9812 [Note] Shutting down plugin 'INNODB_LOCK_WAITS'
2018-12-06 23:46:21 9812 [Note] Shutting down plugin 'INNODB_LOCKS'
2018-12-06 23:46:21 9812 [Note] Shutting down plugin 'INNODB_TRX'
2018-12-06 23:46:21 9812 [Note] Shutting down plugin 'InnoDB'
2018-12-06 23:46:21 9812 [Note] InnoDB: FTS optimize thread exiting.
2018-12-06 23:46:21 9812 [Note] InnoDB: Starting shutdown...
2018-12-06 23:46:22 9812 [Note] InnoDB: Shutdown completed; log sequence number 3172239
2018-12-06 23:46:22 9812 [Note] Shutting down plugin 'BLACKHOLE'
2018-12-06 23:46:22 9812 [Note] Shutting down plugin 'ARCHIVE'
2018-12-06 23:46:22 9812 [Note] Shutting down plugin 'MRG_MYISAM'
2018-12-06 23:46:22 9812 [Note] Shutting down plugin 'MyISAM'
2018-12-06 23:46:22 9812 [Note] Shutting down plugin 'MEMORY'
2018-12-06 23:46:22 9812 [Note] Shutting down plugin 'CSV'
2018-12-06 23:46:22 9812 [Note] Shutting down plugin 'sha256_password'
2018-12-06 23:46:22 9812 [Note] Shutting down plugin 'mysql_old_password'
2018-12-06 23:46:22 9812 [Note] Shutting down plugin 'mysql_native_password'
2018-12-06 23:46:22 9812 [Note] Shutting down plugin 'binlog'
2018-12-06 23:46:22 9812 [Note] MySQL: Shutdown complete

2018-12-10 18:45:07 22568 [Note] Plugin 'FEDERATED' is disabled.
2018-12-10 18:45:07 22568 [Note] InnoDB: Using atomics to ref count buffer pool pages
2018-12-10 18:45:07 22568 [Note] InnoDB: The InnoDB memory heap is disabled
2018-12-10 18:45:07 22568 [Note] InnoDB: Mutexes and rw_locks use Windows interlocked functions
2018-12-10 18:45:07 22568 [Note] InnoDB: Memory barrier is not used
2018-12-10 18:45:07 22568 [Note] InnoDB: Compressed tables use zlib 1.2.3
2018-12-10 18:45:07 22568 [Note] InnoDB: Not using CPU crc32 instructions
2018-12-10 18:45:07 22568 [Note] InnoDB: Initializing buffer pool, size = 128.0M
2018-12-10 18:45:07 22568 [Note] InnoDB: Completed initialization of buffer pool
2018-12-10 18:45:08 22568 [Note] InnoDB: Highest supported file format is Barracuda.
2018-12-10 18:45:09 22568 [Note] InnoDB: 128 rollback segment(s) are active.
2018-12-10 18:45:09 22568 [Note] InnoDB: Waiting for purge to start
2018-12-10 18:45:09 22568 [Note] InnoDB: 5.6.35 started; log sequence number 3172239
2018-12-10 18:45:09 22568 [Note] Server hostname (bind-address): '*'; port: 3306
2018-12-10 18:45:09 22568 [Note] IPv6 is available.
2018-12-10 18:45:09 22568 [Note]   - '::' resolves to '::';
2018-12-10 18:45:09 22568 [Note] Server socket created on IP: '::'.
2018-12-10 18:45:11 22568 [Note] Event Scheduler: Loaded 0 events
2018-12-10 18:45:11 22568 [Note] MySQL: ready for connections.
Version: '5.6.35'  socket: ''  port: 3306  MySQL Community Server (GPL)
2018-12-10 18:51:52 22568 [Note] MySQL: Normal shutdown

2018-12-10 18:51:52 22568 [Note] Giving 0 client threads a chance to die gracefully
2018-12-10 18:51:52 22568 [Note] Event Scheduler: Purging the queue. 0 events
2018-12-10 18:51:52 22568 [Note] Shutting down slave threads
2018-12-10 18:51:52 22568 [Note] Forcefully disconnecting 0 remaining clients
2018-12-10 18:51:52 22568 [Note] Binlog end
2018-12-10 18:51:52 22568 [Note] Shutting down plugin 'partition'
2018-12-10 18:51:52 22568 [Note] Shutting down plugin 'PERFORMANCE_SCHEMA'
2018-12-10 18:51:52 22568 [Note] Shutting down plugin 'INNODB_SYS_DATAFILES'
2018-12-10 18:51:52 22568 [Note] Shutting down plugin 'INNODB_SYS_TABLESPACES'
2018-12-10 18:51:52 22568 [Note] Shutting down plugin 'INNODB_SYS_FOREIGN_COLS'
2018-12-10 18:51:52 22568 [Note] Shutting down plugin 'INNODB_SYS_FOREIGN'
2018-12-10 18:51:52 22568 [Note] Shutting down plugin 'INNODB_SYS_FIELDS'
2018-12-10 18:51:52 22568 [Note] Shutting down plugin 'INNODB_SYS_COLUMNS'
2018-12-10 18:51:52 22568 [Note] Shutting down plugin 'INNODB_SYS_INDEXES'
2018-12-10 18:51:52 22568 [Note] Shutting down plugin 'INNODB_SYS_TABLESTATS'
2018-12-10 18:51:52 22568 [Note] Shutting down plugin 'INNODB_SYS_TABLES'
2018-12-10 18:51:52 22568 [Note] Shutting down plugin 'INNODB_FT_INDEX_TABLE'
2018-12-10 18:51:53 22568 [Note] Shutting down plugin 'INNODB_FT_INDEX_CACHE'
2018-12-10 18:51:53 22568 [Note] Shutting down plugin 'INNODB_FT_CONFIG'
2018-12-10 18:51:53 22568 [Note] Shutting down plugin 'INNODB_FT_BEING_DELETED'
2018-12-10 18:51:53 22568 [Note] Shutting down plugin 'INNODB_FT_DELETED'
2018-12-10 18:51:53 22568 [Note] Shutting down plugin 'INNODB_FT_DEFAULT_STOPWORD'
2018-12-10 18:51:53 22568 [Note] Shutting down plugin 'INNODB_METRICS'
2018-12-10 18:51:53 22568 [Note] Shutting down plugin 'INNODB_BUFFER_POOL_STATS'
2018-12-10 18:51:53 22568 [Note] Shutting down plugin 'INNODB_BUFFER_PAGE_LRU'
2018-12-10 18:51:53 22568 [Note] Shutting down plugin 'INNODB_BUFFER_PAGE'
2018-12-10 18:51:53 22568 [Note] Shutting down plugin 'INNODB_CMP_PER_INDEX_RESET'
2018-12-10 18:51:53 22568 [Note] Shutting down plugin 'INNODB_CMP_PER_INDEX'
2018-12-10 18:51:53 22568 [Note] Shutting down plugin 'INNODB_CMPMEM_RESET'
2018-12-10 18:51:53 22568 [Note] Shutting down plugin 'INNODB_CMPMEM'
2018-12-10 18:51:53 22568 [Note] Shutting down plugin 'INNODB_CMP_RESET'
2018-12-10 18:51:53 22568 [Note] Shutting down plugin 'INNODB_CMP'
2018-12-10 18:51:53 22568 [Note] Shutting down plugin 'INNODB_LOCK_WAITS'
2018-12-10 18:51:53 22568 [Note] Shutting down plugin 'INNODB_LOCKS'
2018-12-10 18:51:53 22568 [Note] Shutting down plugin 'INNODB_TRX'
2018-12-10 18:51:53 22568 [Note] Shutting down plugin 'InnoDB'
2018-12-10 18:51:53 22568 [Note] InnoDB: FTS optimize thread exiting.
2018-12-10 18:51:53 22568 [Note] InnoDB: Starting shutdown...
2018-12-10 18:51:54 22568 [Note] InnoDB: Shutdown completed; log sequence number 3172249
2018-12-10 18:51:54 22568 [Note] Shutting down plugin 'BLACKHOLE'
2018-12-10 18:51:54 22568 [Note] Shutting down plugin 'ARCHIVE'
2018-12-10 18:51:54 22568 [Note] Shutting down plugin 'MRG_MYISAM'
2018-12-10 18:51:54 22568 [Note] Shutting down plugin 'MyISAM'
2018-12-10 18:51:54 22568 [Note] Shutting down plugin 'MEMORY'
2018-12-10 18:51:54 22568 [Note] Shutting down plugin 'CSV'
2018-12-10 18:51:54 22568 [Note] Shutting down plugin 'sha256_password'
2018-12-10 18:51:54 22568 [Note] Shutting down plugin 'mysql_old_password'
2018-12-10 18:51:54 22568 [Note] Shutting down plugin 'mysql_native_password'
2018-12-10 18:51:54 22568 [Note] Shutting down plugin 'binlog'
2018-12-10 18:51:54 22568 [Note] MySQL: Shutdown complete

2018-12-10 18:54:03 5872 [Note] Plugin 'FEDERATED' is disabled.
2018-12-10 18:54:03 5872 [Note] InnoDB: Using atomics to ref count buffer pool pages
2018-12-10 18:54:03 5872 [Note] InnoDB: The InnoDB memory heap is disabled
2018-12-10 18:54:03 5872 [Note] InnoDB: Mutexes and rw_locks use Windows interlocked functions
2018-12-10 18:54:03 5872 [Note] InnoDB: Memory barrier is not used
2018-12-10 18:54:03 5872 [Note] InnoDB: Compressed tables use zlib 1.2.3
2018-12-10 18:54:03 5872 [Note] InnoDB: Not using CPU crc32 instructions
2018-12-10 18:54:03 5872 [Note] InnoDB: Initializing buffer pool, size = 128.0M
2018-12-10 18:54:03 5872 [Note] InnoDB: Completed initialization of buffer pool
2018-12-10 18:54:03 5872 [Note] InnoDB: Highest supported file format is Barracuda.
2018-12-10 18:54:04 5872 [Note] InnoDB: 128 rollback segment(s) are active.
2018-12-10 18:54:04 5872 [Note] InnoDB: Waiting for purge to start
2018-12-10 18:54:04 5872 [Note] InnoDB: 5.6.35 started; log sequence number 3172249
2018-12-10 18:54:04 5872 [Note] Server hostname (bind-address): '*'; port: 3306
2018-12-10 18:54:04 5872 [Note] IPv6 is available.
2018-12-10 18:54:04 5872 [Note]   - '::' resolves to '::';
2018-12-10 18:54:04 5872 [Note] Server socket created on IP: '::'.
2018-12-10 18:54:04 5872 [Note] Event Scheduler: Loaded 0 events
2018-12-10 18:54:04 5872 [Note] MySQL: ready for connections.
Version: '5.6.35'  socket: ''  port: 3306  MySQL Community Server (GPL)
2018-12-10 23:08:31 5872 [Note] MySQL: Normal shutdown

2018-12-10 23:08:31 5872 [Note] Giving 0 client threads a chance to die gracefully
2018-12-10 23:08:31 5872 [Note] Event Scheduler: Purging the queue. 0 events
2018-12-10 23:08:31 5872 [Note] Shutting down slave threads
2018-12-10 23:08:31 5872 [Note] Forcefully disconnecting 0 remaining clients
2018-12-10 23:08:31 5872 [Note] Binlog end
2018-12-10 23:08:31 5872 [Note] Shutting down plugin 'partition'
2018-12-10 23:08:31 5872 [Note] Shutting down plugin 'PERFORMANCE_SCHEMA'
2018-12-10 23:08:31 5872 [Note] Shutting down plugin 'INNODB_SYS_DATAFILES'
2018-12-10 23:08:31 5872 [Note] Shutting down plugin 'INNODB_SYS_TABLESPACES'
2018-12-10 23:08:31 5872 [Note] Shutting down plugin 'INNODB_SYS_FOREIGN_COLS'
2018-12-10 23:08:31 5872 [Note] Shutting down plugin 'INNODB_SYS_FOREIGN'
2018-12-10 23:08:31 5872 [Note] Shutting down plugin 'INNODB_SYS_FIELDS'
2018-12-10 23:08:31 5872 [Note] Shutting down plugin 'INNODB_SYS_COLUMNS'
2018-12-10 23:08:31 5872 [Note] Shutting down plugin 'INNODB_SYS_INDEXES'
2018-12-10 23:08:31 5872 [Note] Shutting down plugin 'INNODB_SYS_TABLESTATS'
2018-12-10 23:08:31 5872 [Note] Shutting down plugin 'INNODB_SYS_TABLES'
2018-12-10 23:08:31 5872 [Note] Shutting down plugin 'INNODB_FT_INDEX_TABLE'
2018-12-10 23:08:31 5872 [Note] Shutting down plugin 'INNODB_FT_INDEX_CACHE'
2018-12-10 23:08:31 5872 [Note] Shutting down plugin 'INNODB_FT_CONFIG'
2018-12-10 23:08:31 5872 [Note] Shutting down plugin 'INNODB_FT_BEING_DELETED'
2018-12-10 23:08:31 5872 [Note] Shutting down plugin 'INNODB_FT_DELETED'
2018-12-10 23:08:31 5872 [Note] Shutting down plugin 'INNODB_FT_DEFAULT_STOPWORD'
2018-12-10 23:08:31 5872 [Note] Shutting down plugin 'INNODB_METRICS'
2018-12-10 23:08:31 5872 [Note] Shutting down plugin 'INNODB_BUFFER_POOL_STATS'
2018-12-10 23:08:31 5872 [Note] Shutting down plugin 'INNODB_BUFFER_PAGE_LRU'
2018-12-10 23:08:31 5872 [Note] Shutting down plugin 'INNODB_BUFFER_PAGE'
2018-12-10 23:08:31 5872 [Note] Shutting down plugin 'INNODB_CMP_PER_INDEX_RESET'
2018-12-10 23:08:31 5872 [Note] Shutting down plugin 'INNODB_CMP_PER_INDEX'
2018-12-10 23:08:31 5872 [Note] Shutting down plugin 'INNODB_CMPMEM_RESET'
2018-12-10 23:08:31 5872 [Note] Shutting down plugin 'INNODB_CMPMEM'
2018-12-10 23:08:31 5872 [Note] Shutting down plugin 'INNODB_CMP_RESET'
2018-12-10 23:08:31 5872 [Note] Shutting down plugin 'INNODB_CMP'
2018-12-10 23:08:31 5872 [Note] Shutting down plugin 'INNODB_LOCK_WAITS'
2018-12-10 23:08:31 5872 [Note] Shutting down plugin 'INNODB_LOCKS'
2018-12-10 23:08:31 5872 [Note] Shutting down plugin 'INNODB_TRX'
2018-12-10 23:08:31 5872 [Note] Shutting down plugin 'InnoDB'
2018-12-10 23:08:31 5872 [Note] InnoDB: FTS optimize thread exiting.
2018-12-10 23:08:31 5872 [Note] InnoDB: Starting shutdown...
2018-12-10 23:08:33 5872 [Note] InnoDB: Shutdown completed; log sequence number 3197002
2018-12-10 23:08:33 5872 [Note] Shutting down plugin 'BLACKHOLE'
2018-12-10 23:08:33 5872 [Note] Shutting down plugin 'ARCHIVE'
2018-12-10 23:08:33 5872 [Note] Shutting down plugin 'MRG_MYISAM'
2018-12-10 23:08:33 5872 [Note] Shutting down plugin 'MyISAM'
2018-12-10 23:08:33 5872 [Note] Shutting down plugin 'MEMORY'
2018-12-10 23:08:33 5872 [Note] Shutting down plugin 'CSV'
2018-12-10 23:08:33 5872 [Note] Shutting down plugin 'sha256_password'
2018-12-10 23:08:33 5872 [Note] Shutting down plugin 'mysql_old_password'
2018-12-10 23:08:33 5872 [Note] Shutting down plugin 'mysql_native_password'
2018-12-10 23:08:33 5872 [Note] Shutting down plugin 'binlog'
2018-12-10 23:08:33 5872 [Note] MySQL: Shutdown complete

2018-12-11 14:58:44 5164 [Note] Plugin 'FEDERATED' is disabled.
2018-12-11 14:58:44 5164 [Note] InnoDB: Using atomics to ref count buffer pool pages
2018-12-11 14:58:44 5164 [Note] InnoDB: The InnoDB memory heap is disabled
2018-12-11 14:58:44 5164 [Note] InnoDB: Mutexes and rw_locks use Windows interlocked functions
2018-12-11 14:58:44 5164 [Note] InnoDB: Memory barrier is not used
2018-12-11 14:58:44 5164 [Note] InnoDB: Compressed tables use zlib 1.2.3
2018-12-11 14:58:44 5164 [Note] InnoDB: Not using CPU crc32 instructions
2018-12-11 14:58:44 5164 [Note] InnoDB: Initializing buffer pool, size = 128.0M
2018-12-11 14:58:44 5164 [Note] InnoDB: Completed initialization of buffer pool
2018-12-11 14:58:44 5164 [Note] InnoDB: Highest supported file format is Barracuda.
2018-12-11 14:58:46 5164 [Note] InnoDB: 128 rollback segment(s) are active.
2018-12-11 14:58:46 5164 [Note] InnoDB: Waiting for purge to start
2018-12-11 14:58:46 5164 [Note] InnoDB: 5.6.35 started; log sequence number 3197002
2018-12-11 14:58:46 5164 [Note] Server hostname (bind-address): '*'; port: 3306
2018-12-11 14:58:46 5164 [Note] IPv6 is available.
2018-12-11 14:58:46 5164 [Note]   - '::' resolves to '::';
2018-12-11 14:58:46 5164 [Note] Server socket created on IP: '::'.
2018-12-11 14:58:48 5164 [Note] Event Scheduler: Loaded 0 events
2018-12-11 14:58:48 5164 [Note] MySQL: ready for connections.
Version: '5.6.35'  socket: ''  port: 3306  MySQL Community Server (GPL)
2018-12-12 18:27:52 5164 [Note] MySQL: Normal shutdown

2018-12-12 18:27:52 5164 [Note] Giving 0 client threads a chance to die gracefully
2018-12-12 18:27:52 5164 [Note] Event Scheduler: Purging the queue. 0 events
2018-12-12 18:27:52 5164 [Note] Shutting down slave threads
2018-12-12 18:27:52 5164 [Note] Forcefully disconnecting 0 remaining clients
2018-12-12 18:27:52 5164 [Note] Binlog end
2018-12-12 18:27:52 5164 [Note] Shutting down plugin 'partition'
2018-12-12 18:27:52 5164 [Note] Shutting down plugin 'PERFORMANCE_SCHEMA'
2018-12-12 18:27:52 5164 [Note] Shutting down plugin 'INNODB_SYS_DATAFILES'
2018-12-12 18:27:52 5164 [Note] Shutting down plugin 'INNODB_SYS_TABLESPACES'
2018-12-12 18:27:52 5164 [Note] Shutting down plugin 'INNODB_SYS_FOREIGN_COLS'
2018-12-12 18:27:52 5164 [Note] Shutting down plugin 'INNODB_SYS_FOREIGN'
2018-12-12 18:27:52 5164 [Note] Shutting down plugin 'INNODB_SYS_FIELDS'
2018-12-12 18:27:52 5164 [Note] Shutting down plugin 'INNODB_SYS_COLUMNS'
2018-12-12 18:27:52 5164 [Note] Shutting down plugin 'INNODB_SYS_INDEXES'
2018-12-12 18:27:52 5164 [Note] Shutting down plugin 'INNODB_SYS_TABLESTATS'
2018-12-12 18:27:52 5164 [Note] Shutting down plugin 'INNODB_SYS_TABLES'
2018-12-12 18:27:52 5164 [Note] Shutting down plugin 'INNODB_FT_INDEX_TABLE'
2018-12-12 18:27:52 5164 [Note] Shutting down plugin 'INNODB_FT_INDEX_CACHE'
2018-12-12 18:27:52 5164 [Note] Shutting down plugin 'INNODB_FT_CONFIG'
2018-12-12 18:27:52 5164 [Note] Shutting down plugin 'INNODB_FT_BEING_DELETED'
2018-12-12 18:27:52 5164 [Note] Shutting down plugin 'INNODB_FT_DELETED'
2018-12-12 18:27:52 5164 [Note] Shutting down plugin 'INNODB_FT_DEFAULT_STOPWORD'
2018-12-12 18:27:52 5164 [Note] Shutting down plugin 'INNODB_METRICS'
2018-12-12 18:27:52 5164 [Note] Shutting down plugin 'INNODB_BUFFER_POOL_STATS'
2018-12-12 18:27:52 5164 [Note] Shutting down plugin 'INNODB_BUFFER_PAGE_LRU'
2018-12-12 18:27:52 5164 [Note] Shutting down plugin 'INNODB_BUFFER_PAGE'
2018-12-12 18:27:52 5164 [Note] Shutting down plugin 'INNODB_CMP_PER_INDEX_RESET'
2018-12-12 18:27:52 5164 [Note] Shutting down plugin 'INNODB_CMP_PER_INDEX'
2018-12-12 18:27:52 5164 [Note] Shutting down plugin 'INNODB_CMPMEM_RESET'
2018-12-12 18:27:52 5164 [Note] Shutting down plugin 'INNODB_CMPMEM'
2018-12-12 18:27:52 5164 [Note] Shutting down plugin 'INNODB_CMP_RESET'
2018-12-12 18:27:52 5164 [Note] Shutting down plugin 'INNODB_CMP'
2018-12-12 18:27:52 5164 [Note] Shutting down plugin 'INNODB_LOCK_WAITS'
2018-12-12 18:27:52 5164 [Note] Shutting down plugin 'INNODB_LOCKS'
2018-12-12 18:27:52 5164 [Note] Shutting down plugin 'INNODB_TRX'
2018-12-12 18:27:52 5164 [Note] Shutting down plugin 'InnoDB'
2018-12-12 18:27:52 5164 [Note] InnoDB: FTS optimize thread exiting.
2018-12-12 18:27:52 5164 [Note] InnoDB: Starting shutdown...
2018-12-12 18:27:54 5164 [Note] InnoDB: Shutdown completed; log sequence number 3838396
2018-12-12 18:27:54 5164 [Note] Shutting down plugin 'BLACKHOLE'
2018-12-12 18:27:54 5164 [Note] Shutting down plugin 'ARCHIVE'
2018-12-12 18:27:54 5164 [Note] Shutting down plugin 'MRG_MYISAM'
2018-12-12 18:27:54 5164 [Note] Shutting down plugin 'MyISAM'
2018-12-12 18:27:54 5164 [Note] Shutting down plugin 'MEMORY'
2018-12-12 18:27:54 5164 [Note] Shutting down plugin 'CSV'
2018-12-12 18:27:54 5164 [Note] Shutting down plugin 'sha256_password'
2018-12-12 18:27:54 5164 [Note] Shutting down plugin 'mysql_old_password'
2018-12-12 18:27:54 5164 [Note] Shutting down plugin 'mysql_native_password'
2018-12-12 18:27:54 5164 [Note] Shutting down plugin 'binlog'
2018-12-12 18:27:54 5164 [Note] MySQL: Shutdown complete

2018-12-17 12:14:28 16832 [Note] Plugin 'FEDERATED' is disabled.
2018-12-17 12:14:28 16832 [Note] InnoDB: Using atomics to ref count buffer pool pages
2018-12-17 12:14:28 16832 [Note] InnoDB: The InnoDB memory heap is disabled
2018-12-17 12:14:28 16832 [Note] InnoDB: Mutexes and rw_locks use Windows interlocked functions
2018-12-17 12:14:28 16832 [Note] InnoDB: Memory barrier is not used
2018-12-17 12:14:28 16832 [Note] InnoDB: Compressed tables use zlib 1.2.3
2018-12-17 12:14:28 16832 [Note] InnoDB: Not using CPU crc32 instructions
2018-12-17 12:14:28 16832 [Note] InnoDB: Initializing buffer pool, size = 128.0M
2018-12-17 12:14:28 16832 [Note] InnoDB: Completed initialization of buffer pool
2018-12-17 12:14:28 16832 [Note] InnoDB: Highest supported file format is Barracuda.
2018-12-17 12:14:29 16832 [Note] InnoDB: 128 rollback segment(s) are active.
2018-12-17 12:14:29 16832 [Note] InnoDB: Waiting for purge to start
2018-12-17 12:14:29 16832 [Note] InnoDB: 5.6.35 started; log sequence number 3838396
2018-12-17 12:14:29 16832 [Note] Server hostname (bind-address): '*'; port: 3306
2018-12-17 12:14:29 16832 [Note] IPv6 is available.
2018-12-17 12:14:29 16832 [Note]   - '::' resolves to '::';
2018-12-17 12:14:29 16832 [Note] Server socket created on IP: '::'.
2018-12-17 12:14:30 16832 [Note] Event Scheduler: Loaded 0 events
2018-12-17 12:14:30 16832 [Note] MySQL: ready for connections.
Version: '5.6.35'  socket: ''  port: 3306  MySQL Community Server (GPL)
2018-12-17 12:33:24 16832 [Note] MySQL: Normal shutdown

2018-12-17 12:33:24 16832 [Note] Giving 0 client threads a chance to die gracefully
2018-12-17 12:33:24 16832 [Note] Event Scheduler: Purging the queue. 0 events
2018-12-17 12:33:24 16832 [Note] Shutting down slave threads
2018-12-17 12:33:24 16832 [Note] Forcefully disconnecting 0 remaining clients
2018-12-17 12:33:24 16832 [Note] Binlog end
2018-12-17 12:33:24 16832 [Note] Shutting down plugin 'partition'
2018-12-17 12:33:24 16832 [Note] Shutting down plugin 'PERFORMANCE_SCHEMA'
2018-12-17 12:33:24 16832 [Note] Shutting down plugin 'INNODB_SYS_DATAFILES'
2018-12-17 12:33:24 16832 [Note] Shutting down plugin 'INNODB_SYS_TABLESPACES'
2018-12-17 12:33:24 16832 [Note] Shutting down plugin 'INNODB_SYS_FOREIGN_COLS'
2018-12-17 12:33:24 16832 [Note] Shutting down plugin 'INNODB_SYS_FOREIGN'
2018-12-17 12:33:24 16832 [Note] Shutting down plugin 'INNODB_SYS_FIELDS'
2018-12-17 12:33:24 16832 [Note] Shutting down plugin 'INNODB_SYS_COLUMNS'
2018-12-17 12:33:24 16832 [Note] Shutting down plugin 'INNODB_SYS_INDEXES'
2018-12-17 12:33:24 16832 [Note] Shutting down plugin 'INNODB_SYS_TABLESTATS'
2018-12-17 12:33:24 16832 [Note] Shutting down plugin 'INNODB_SYS_TABLES'
2018-12-17 12:33:24 16832 [Note] Shutting down plugin 'INNODB_FT_INDEX_TABLE'
2018-12-17 12:33:24 16832 [Note] Shutting down plugin 'INNODB_FT_INDEX_CACHE'
2018-12-17 12:33:24 16832 [Note] Shutting down plugin 'INNODB_FT_CONFIG'
2018-12-17 12:33:24 16832 [Note] Shutting down plugin 'INNODB_FT_BEING_DELETED'
2018-12-17 12:33:24 16832 [Note] Shutting down plugin 'INNODB_FT_DELETED'
2018-12-17 12:33:24 16832 [Note] Shutting down plugin 'INNODB_FT_DEFAULT_STOPWORD'
2018-12-17 12:33:24 16832 [Note] Shutting down plugin 'INNODB_METRICS'
2018-12-17 12:33:24 16832 [Note] Shutting down plugin 'INNODB_BUFFER_POOL_STATS'
2018-12-17 12:33:24 16832 [Note] Shutting down plugin 'INNODB_BUFFER_PAGE_LRU'
2018-12-17 12:33:24 16832 [Note] Shutting down plugin 'INNODB_BUFFER_PAGE'
2018-12-17 12:33:24 16832 [Note] Shutting down plugin 'INNODB_CMP_PER_INDEX_RESET'
2018-12-17 12:33:24 16832 [Note] Shutting down plugin 'INNODB_CMP_PER_INDEX'
2018-12-17 12:33:24 16832 [Note] Shutting down plugin 'INNODB_CMPMEM_RESET'
2018-12-17 12:33:24 16832 [Note] Shutting down plugin 'INNODB_CMPMEM'
2018-12-17 12:33:24 16832 [Note] Shutting down plugin 'INNODB_CMP_RESET'
2018-12-17 12:33:24 16832 [Note] Shutting down plugin 'INNODB_CMP'
2018-12-17 12:33:24 16832 [Note] Shutting down plugin 'INNODB_LOCK_WAITS'
2018-12-17 12:33:24 16832 [Note] Shutting down plugin 'INNODB_LOCKS'
2018-12-17 12:33:24 16832 [Note] Shutting down plugin 'INNODB_TRX'
2018-12-17 12:33:24 16832 [Note] Shutting down plugin 'InnoDB'
2018-12-17 12:33:24 16832 [Note] InnoDB: FTS optimize thread exiting.
2018-12-17 12:33:24 16832 [Note] InnoDB: Starting shutdown...
2018-12-17 12:33:26 16832 [Note] InnoDB: Shutdown completed; log sequence number 3870945
2018-12-17 12:33:26 16832 [Note] Shutting down plugin 'BLACKHOLE'
2018-12-17 12:33:26 16832 [Note] Shutting down plugin 'ARCHIVE'
2018-12-17 12:33:26 16832 [Note] Shutting down plugin 'MRG_MYISAM'
2018-12-17 12:33:26 16832 [Note] Shutting down plugin 'MyISAM'
2018-12-17 12:33:26 16832 [Note] Shutting down plugin 'MEMORY'
2018-12-17 12:33:26 16832 [Note] Shutting down plugin 'CSV'
2018-12-17 12:33:26 16832 [Note] Shutting down plugin 'sha256_password'
2018-12-17 12:33:26 16832 [Note] Shutting down plugin 'mysql_old_password'
2018-12-17 12:33:26 16832 [Note] Shutting down plugin 'mysql_native_password'
2018-12-17 12:33:26 16832 [Note] Shutting down plugin 'binlog'
2018-12-17 12:33:26 16832 [Note] MySQL: Shutdown complete

2018-12-24 14:36:48 15280 [Note] Plugin 'FEDERATED' is disabled.
2018-12-24 14:36:48 15280 [Note] InnoDB: Using atomics to ref count buffer pool pages
2018-12-24 14:36:48 15280 [Note] InnoDB: The InnoDB memory heap is disabled
2018-12-24 14:36:48 15280 [Note] InnoDB: Mutexes and rw_locks use Windows interlocked functions
2018-12-24 14:36:48 15280 [Note] InnoDB: Memory barrier is not used
2018-12-24 14:36:48 15280 [Note] InnoDB: Compressed tables use zlib 1.2.3
2018-12-24 14:36:48 15280 [Note] InnoDB: Not using CPU crc32 instructions
2018-12-24 14:36:48 15280 [Note] InnoDB: Initializing buffer pool, size = 128.0M
2018-12-24 14:36:48 15280 [Note] InnoDB: Completed initialization of buffer pool
2018-12-24 14:36:48 15280 [Note] InnoDB: Highest supported file format is Barracuda.
2018-12-24 14:36:50 15280 [Note] InnoDB: 128 rollback segment(s) are active.
2018-12-24 14:36:50 15280 [Note] InnoDB: Waiting for purge to start
2018-12-24 14:36:50 15280 [Note] InnoDB: 5.6.35 started; log sequence number 3870945
2018-12-24 14:36:50 15280 [Note] Server hostname (bind-address): '*'; port: 3306
2018-12-24 14:36:50 15280 [Note] IPv6 is available.
2018-12-24 14:36:50 15280 [Note]   - '::' resolves to '::';
2018-12-24 14:36:50 15280 [Note] Server socket created on IP: '::'.
2018-12-24 14:36:51 15280 [Note] Event Scheduler: Loaded 0 events
2018-12-24 14:36:51 15280 [Note] MySQL: ready for connections.
Version: '5.6.35'  socket: ''  port: 3306  MySQL Community Server (GPL)
2018-12-24 16:45:08 15280 [Note] MySQL: Normal shutdown

2018-12-24 16:45:08 15280 [Note] Giving 0 client threads a chance to die gracefully
2018-12-24 16:45:08 15280 [Note] Event Scheduler: Purging the queue. 0 events
2018-12-24 16:45:08 15280 [Note] Shutting down slave threads
2018-12-24 16:45:08 15280 [Note] Forcefully disconnecting 0 remaining clients
2018-12-24 16:45:08 15280 [Note] Binlog end
2018-12-24 16:45:08 15280 [Note] Shutting down plugin 'partition'
2018-12-24 16:45:08 15280 [Note] Shutting down plugin 'PERFORMANCE_SCHEMA'
2018-12-24 16:45:08 15280 [Note] Shutting down plugin 'INNODB_SYS_DATAFILES'
2018-12-24 16:45:08 15280 [Note] Shutting down plugin 'INNODB_SYS_TABLESPACES'
2018-12-24 16:45:08 15280 [Note] Shutting down plugin 'INNODB_SYS_FOREIGN_COLS'
2018-12-24 16:45:08 15280 [Note] Shutting down plugin 'INNODB_SYS_FOREIGN'
2018-12-24 16:45:08 15280 [Note] Shutting down plugin 'INNODB_SYS_FIELDS'
2018-12-24 16:45:08 15280 [Note] Shutting down plugin 'INNODB_SYS_COLUMNS'
2018-12-24 16:45:08 15280 [Note] Shutting down plugin 'INNODB_SYS_INDEXES'
2018-12-24 16:45:08 15280 [Note] Shutting down plugin 'INNODB_SYS_TABLESTATS'
2018-12-24 16:45:08 15280 [Note] Shutting down plugin 'INNODB_SYS_TABLES'
2018-12-24 16:45:08 15280 [Note] Shutting down plugin 'INNODB_FT_INDEX_TABLE'
2018-12-24 16:45:08 15280 [Note] Shutting down plugin 'INNODB_FT_INDEX_CACHE'
2018-12-24 16:45:08 15280 [Note] Shutting down plugin 'INNODB_FT_CONFIG'
2018-12-24 16:45:08 15280 [Note] Shutting down plugin 'INNODB_FT_BEING_DELETED'
2018-12-24 16:45:08 15280 [Note] Shutting down plugin 'INNODB_FT_DELETED'
2018-12-24 16:45:08 15280 [Note] Shutting down plugin 'INNODB_FT_DEFAULT_STOPWORD'
2018-12-24 16:45:08 15280 [Note] Shutting down plugin 'INNODB_METRICS'
2018-12-24 16:45:08 15280 [Note] Shutting down plugin 'INNODB_BUFFER_POOL_STATS'
2018-12-24 16:45:08 15280 [Note] Shutting down plugin 'INNODB_BUFFER_PAGE_LRU'
2018-12-24 16:45:08 15280 [Note] Shutting down plugin 'INNODB_BUFFER_PAGE'
2018-12-24 16:45:08 15280 [Note] Shutting down plugin 'INNODB_CMP_PER_INDEX_RESET'
2018-12-24 16:45:08 15280 [Note] Shutting down plugin 'INNODB_CMP_PER_INDEX'
2018-12-24 16:45:08 15280 [Note] Shutting down plugin 'INNODB_CMPMEM_RESET'
2018-12-24 16:45:08 15280 [Note] Shutting down plugin 'INNODB_CMPMEM'
2018-12-24 16:45:08 15280 [Note] Shutting down plugin 'INNODB_CMP_RESET'
2018-12-24 16:45:08 15280 [Note] Shutting down plugin 'INNODB_CMP'
2018-12-24 16:45:08 15280 [Note] Shutting down plugin 'INNODB_LOCK_WAITS'
2018-12-24 16:45:08 15280 [Note] Shutting down plugin 'INNODB_LOCKS'
2018-12-24 16:45:08 15280 [Note] Shutting down plugin 'INNODB_TRX'
2018-12-24 16:45:08 15280 [Note] Shutting down plugin 'InnoDB'
2018-12-24 16:45:08 15280 [Note] InnoDB: FTS optimize thread exiting.
2018-12-24 16:45:08 15280 [Note] InnoDB: Starting shutdown...
2018-12-24 16:45:10 15280 [Note] InnoDB: Shutdown completed; log sequence number 4146628
2018-12-24 16:45:10 15280 [Note] Shutting down plugin 'BLACKHOLE'
2018-12-24 16:45:10 15280 [Note] Shutting down plugin 'ARCHIVE'
2018-12-24 16:45:10 15280 [Note] Shutting down plugin 'MRG_MYISAM'
2018-12-24 16:45:10 15280 [Note] Shutting down plugin 'MyISAM'
2018-12-24 16:45:10 15280 [Note] Shutting down plugin 'MEMORY'
2018-12-24 16:45:10 15280 [Note] Shutting down plugin 'CSV'
2018-12-24 16:45:10 15280 [Note] Shutting down plugin 'sha256_password'
2018-12-24 16:45:10 15280 [Note] Shutting down plugin 'mysql_old_password'
2018-12-24 16:45:10 15280 [Note] Shutting down plugin 'mysql_native_password'
2018-12-24 16:45:10 15280 [Note] Shutting down plugin 'binlog'
2018-12-24 16:45:10 15280 [Note] MySQL: Shutdown complete

2018-12-28 13:21:37 16260 [Note] Plugin 'FEDERATED' is disabled.
2018-12-28 13:21:37 16260 [Note] InnoDB: Using atomics to ref count buffer pool pages
2018-12-28 13:21:37 16260 [Note] InnoDB: The InnoDB memory heap is disabled
2018-12-28 13:21:37 16260 [Note] InnoDB: Mutexes and rw_locks use Windows interlocked functions
2018-12-28 13:21:37 16260 [Note] InnoDB: Memory barrier is not used
2018-12-28 13:21:37 16260 [Note] InnoDB: Compressed tables use zlib 1.2.3
2018-12-28 13:21:37 16260 [Note] InnoDB: Not using CPU crc32 instructions
2018-12-28 13:21:37 16260 [Note] InnoDB: Initializing buffer pool, size = 128.0M
2018-12-28 13:21:37 16260 [Note] InnoDB: Completed initialization of buffer pool
2018-12-28 13:21:38 16260 [Note] InnoDB: Highest supported file format is Barracuda.
2018-12-28 13:21:39 16260 [Note] InnoDB: 128 rollback segment(s) are active.
2018-12-28 13:21:39 16260 [Note] InnoDB: Waiting for purge to start
2018-12-28 13:21:39 16260 [Note] InnoDB: 5.6.35 started; log sequence number 4146628
2018-12-28 13:21:39 16260 [Note] Server hostname (bind-address): '*'; port: 3306
2018-12-28 13:21:39 16260 [Note] IPv6 is available.
2018-12-28 13:21:39 16260 [Note]   - '::' resolves to '::';
2018-12-28 13:21:39 16260 [Note] Server socket created on IP: '::'.
2018-12-28 13:21:40 16260 [Note] Event Scheduler: Loaded 0 events
2018-12-28 13:21:40 16260 [Note] MySQL: ready for connections.
Version: '5.6.35'  socket: ''  port: 3306  MySQL Community Server (GPL)
2018-12-28 14:55:58 16260 [Note] MySQL: Normal shutdown

2018-12-28 14:55:58 16260 [Note] Giving 0 client threads a chance to die gracefully
2018-12-28 14:55:58 16260 [Note] Event Scheduler: Purging the queue. 0 events
2018-12-28 14:55:58 16260 [Note] Shutting down slave threads
2018-12-28 14:55:58 16260 [Note] Forcefully disconnecting 0 remaining clients
2018-12-28 14:55:58 16260 [Note] Binlog end
2018-12-28 14:55:58 16260 [Note] Shutting down plugin 'partition'
2018-12-28 14:55:58 16260 [Note] Shutting down plugin 'PERFORMANCE_SCHEMA'
2018-12-28 14:55:58 16260 [Note] Shutting down plugin 'INNODB_SYS_DATAFILES'
2018-12-28 14:55:58 16260 [Note] Shutting down plugin 'INNODB_SYS_TABLESPACES'
2018-12-28 14:55:58 16260 [Note] Shutting down plugin 'INNODB_SYS_FOREIGN_COLS'
2018-12-28 14:55:58 16260 [Note] Shutting down plugin 'INNODB_SYS_FOREIGN'
2018-12-28 14:55:58 16260 [Note] Shutting down plugin 'INNODB_SYS_FIELDS'
2018-12-28 14:55:58 16260 [Note] Shutting down plugin 'INNODB_SYS_COLUMNS'
2018-12-28 14:55:58 16260 [Note] Shutting down plugin 'INNODB_SYS_INDEXES'
2018-12-28 14:55:58 16260 [Note] Shutting down plugin 'INNODB_SYS_TABLESTATS'
2018-12-28 14:55:58 16260 [Note] Shutting down plugin 'INNODB_SYS_TABLES'
2018-12-28 14:55:58 16260 [Note] Shutting down plugin 'INNODB_FT_INDEX_TABLE'
2018-12-28 14:55:58 16260 [Note] Shutting down plugin 'INNODB_FT_INDEX_CACHE'
2018-12-28 14:55:58 16260 [Note] Shutting down plugin 'INNODB_FT_CONFIG'
2018-12-28 14:55:58 16260 [Note] Shutting down plugin 'INNODB_FT_BEING_DELETED'
2018-12-28 14:55:58 16260 [Note] Shutting down plugin 'INNODB_FT_DELETED'
2018-12-28 14:55:58 16260 [Note] Shutting down plugin 'INNODB_FT_DEFAULT_STOPWORD'
2018-12-28 14:55:58 16260 [Note] Shutting down plugin 'INNODB_METRICS'
2018-12-28 14:55:58 16260 [Note] Shutting down plugin 'INNODB_BUFFER_POOL_STATS'
2018-12-28 14:55:58 16260 [Note] Shutting down plugin 'INNODB_BUFFER_PAGE_LRU'
2018-12-28 14:55:58 16260 [Note] Shutting down plugin 'INNODB_BUFFER_PAGE'
2018-12-28 14:55:58 16260 [Note] Shutting down plugin 'INNODB_CMP_PER_INDEX_RESET'
2018-12-28 14:55:58 16260 [Note] Shutting down plugin 'INNODB_CMP_PER_INDEX'
2018-12-28 14:55:58 16260 [Note] Shutting down plugin 'INNODB_CMPMEM_RESET'
2018-12-28 14:55:58 16260 [Note] Shutting down plugin 'INNODB_CMPMEM'
2018-12-28 14:55:58 16260 [Note] Shutting down plugin 'INNODB_CMP_RESET'
2018-12-28 14:55:58 16260 [Note] Shutting down plugin 'INNODB_CMP'
2018-12-28 14:55:58 16260 [Note] Shutting down plugin 'INNODB_LOCK_WAITS'
2018-12-28 14:55:58 16260 [Note] Shutting down plugin 'INNODB_LOCKS'
2018-12-28 14:55:58 16260 [Note] Shutting down plugin 'INNODB_TRX'
2018-12-28 14:55:58 16260 [Note] Shutting down plugin 'InnoDB'
2018-12-28 14:55:58 16260 [Note] InnoDB: FTS optimize thread exiting.
2018-12-28 14:55:58 16260 [Note] InnoDB: Starting shutdown...
2018-12-28 14:56:00 16260 [Note] InnoDB: Shutdown completed; log sequence number 4384190
2018-12-28 14:56:00 16260 [Note] Shutting down plugin 'BLACKHOLE'
2018-12-28 14:56:00 16260 [Note] Shutting down plugin 'ARCHIVE'
2018-12-28 14:56:00 16260 [Note] Shutting down plugin 'MRG_MYISAM'
2018-12-28 14:56:00 16260 [Note] Shutting down plugin 'MyISAM'
2018-12-28 14:56:00 16260 [Note] Shutting down plugin 'MEMORY'
2018-12-28 14:56:00 16260 [Note] Shutting down plugin 'CSV'
2018-12-28 14:56:00 16260 [Note] Shutting down plugin 'sha256_password'
2018-12-28 14:56:00 16260 [Note] Shutting down plugin 'mysql_old_password'
2018-12-28 14:56:00 16260 [Note] Shutting down plugin 'mysql_native_password'
2018-12-28 14:56:00 16260 [Note] Shutting down plugin 'binlog'
2018-12-28 14:56:00 16260 [Note] MySQL: Shutdown complete

2018-12-29 13:42:33 3748 [Note] Plugin 'FEDERATED' is disabled.
2018-12-29 13:42:33 3748 [Note] InnoDB: Using atomics to ref count buffer pool pages
2018-12-29 13:42:33 3748 [Note] InnoDB: The InnoDB memory heap is disabled
2018-12-29 13:42:33 3748 [Note] InnoDB: Mutexes and rw_locks use Windows interlocked functions
2018-12-29 13:42:33 3748 [Note] InnoDB: Memory barrier is not used
2018-12-29 13:42:33 3748 [Note] InnoDB: Compressed tables use zlib 1.2.3
2018-12-29 13:42:33 3748 [Note] InnoDB: Not using CPU crc32 instructions
2018-12-29 13:42:33 3748 [Note] InnoDB: Initializing buffer pool, size = 128.0M
2018-12-29 13:42:33 3748 [Note] InnoDB: Completed initialization of buffer pool
2018-12-29 13:42:34 3748 [Note] InnoDB: Highest supported file format is Barracuda.
2018-12-29 13:42:35 3748 [Note] InnoDB: 128 rollback segment(s) are active.
2018-12-29 13:42:35 3748 [Note] InnoDB: Waiting for purge to start
2018-12-29 13:42:35 3748 [Note] InnoDB: 5.6.35 started; log sequence number 4384190
2018-12-29 13:42:35 3748 [Note] Server hostname (bind-address): '*'; port: 3306
2018-12-29 13:42:35 3748 [Note] IPv6 is available.
2018-12-29 13:42:35 3748 [Note]   - '::' resolves to '::';
2018-12-29 13:42:35 3748 [Note] Server socket created on IP: '::'.
2018-12-29 13:42:36 3748 [Note] Event Scheduler: Loaded 0 events
2018-12-29 13:42:36 3748 [Note] MySQL: ready for connections.
Version: '5.6.35'  socket: ''  port: 3306  MySQL Community Server (GPL)
2019-01-01 15:53:01 3748 [Note] MySQL: Normal shutdown

2019-01-01 15:53:01 3748 [Note] Giving 0 client threads a chance to die gracefully
2019-01-01 15:53:01 3748 [Note] Event Scheduler: Purging the queue. 0 events
2019-01-01 15:53:01 3748 [Note] Shutting down slave threads
2019-01-01 15:53:01 3748 [Note] Forcefully disconnecting 0 remaining clients
2019-01-01 15:53:01 3748 [Note] Binlog end
2019-01-01 15:53:01 3748 [Note] Shutting down plugin 'partition'
2019-01-01 15:53:01 3748 [Note] Shutting down plugin 'PERFORMANCE_SCHEMA'
2019-01-01 15:53:01 3748 [Note] Shutting down plugin 'INNODB_SYS_DATAFILES'
2019-01-01 15:53:01 3748 [Note] Shutting down plugin 'INNODB_SYS_TABLESPACES'
2019-01-01 15:53:01 3748 [Note] Shutting down plugin 'INNODB_SYS_FOREIGN_COLS'
2019-01-01 15:53:01 3748 [Note] Shutting down plugin 'INNODB_SYS_FOREIGN'
2019-01-01 15:53:01 3748 [Note] Shutting down plugin 'INNODB_SYS_FIELDS'
2019-01-01 15:53:01 3748 [Note] Shutting down plugin 'INNODB_SYS_COLUMNS'
2019-01-01 15:53:01 3748 [Note] Shutting down plugin 'INNODB_SYS_INDEXES'
2019-01-01 15:53:01 3748 [Note] Shutting down plugin 'INNODB_SYS_TABLESTATS'
2019-01-01 15:53:01 3748 [Note] Shutting down plugin 'INNODB_SYS_TABLES'
2019-01-01 15:53:01 3748 [Note] Shutting down plugin 'INNODB_FT_INDEX_TABLE'
2019-01-01 15:53:01 3748 [Note] Shutting down plugin 'INNODB_FT_INDEX_CACHE'
2019-01-01 15:53:01 3748 [Note] Shutting down plugin 'INNODB_FT_CONFIG'
2019-01-01 15:53:01 3748 [Note] Shutting down plugin 'INNODB_FT_BEING_DELETED'
2019-01-01 15:53:01 3748 [Note] Shutting down plugin 'INNODB_FT_DELETED'
2019-01-01 15:53:01 3748 [Note] Shutting down plugin 'INNODB_FT_DEFAULT_STOPWORD'
2019-01-01 15:53:01 3748 [Note] Shutting down plugin 'INNODB_METRICS'
2019-01-01 15:53:01 3748 [Note] Shutting down plugin 'INNODB_BUFFER_POOL_STATS'
2019-01-01 15:53:01 3748 [Note] Shutting down plugin 'INNODB_BUFFER_PAGE_LRU'
2019-01-01 15:53:01 3748 [Note] Shutting down plugin 'INNODB_BUFFER_PAGE'
2019-01-01 15:53:01 3748 [Note] Shutting down plugin 'INNODB_CMP_PER_INDEX_RESET'
2019-01-01 15:53:01 3748 [Note] Shutting down plugin 'INNODB_CMP_PER_INDEX'
2019-01-01 15:53:01 3748 [Note] Shutting down plugin 'INNODB_CMPMEM_RESET'
2019-01-01 15:53:01 3748 [Note] Shutting down plugin 'INNODB_CMPMEM'
2019-01-01 15:53:01 3748 [Note] Shutting down plugin 'INNODB_CMP_RESET'
2019-01-01 15:53:01 3748 [Note] Shutting down plugin 'INNODB_CMP'
2019-01-01 15:53:01 3748 [Note] Shutting down plugin 'INNODB_LOCK_WAITS'
2019-01-01 15:53:01 3748 [Note] Shutting down plugin 'INNODB_LOCKS'
2019-01-01 15:53:01 3748 [Note] Shutting down plugin 'INNODB_TRX'
2019-01-01 15:53:01 3748 [Note] Shutting down plugin 'InnoDB'
2019-01-01 15:53:01 3748 [Note] InnoDB: FTS optimize thread exiting.
2019-01-01 15:53:01 3748 [Note] InnoDB: Starting shutdown...
2019-01-01 15:53:06 3748 [Note] InnoDB: Shutdown completed; log sequence number 4835711
2019-01-01 15:53:06 3748 [Note] Shutting down plugin 'BLACKHOLE'
2019-01-01 15:53:06 3748 [Note] Shutting down plugin 'ARCHIVE'
2019-01-01 15:53:06 3748 [Note] Shutting down plugin 'MRG_MYISAM'
2019-01-01 15:53:06 3748 [Note] Shutting down plugin 'MyISAM'
2019-01-01 15:53:06 3748 [Note] Shutting down plugin 'MEMORY'
2019-01-01 15:53:06 3748 [Note] Shutting down plugin 'CSV'
2019-01-01 15:53:06 3748 [Note] Shutting down plugin 'sha256_password'
2019-01-01 15:53:06 3748 [Note] Shutting down plugin 'mysql_old_password'
2019-01-01 15:53:06 3748 [Note] Shutting down plugin 'mysql_native_password'
2019-01-01 15:53:06 3748 [Note] Shutting down plugin 'binlog'
2019-01-01 15:53:06 3748 [Note] MySQL: Shutdown complete

2019-01-02 14:58:56 12556 [Note] Plugin 'FEDERATED' is disabled.
2019-01-02 14:58:56 12556 [Note] InnoDB: Using atomics to ref count buffer pool pages
2019-01-02 14:58:56 12556 [Note] InnoDB: The InnoDB memory heap is disabled
2019-01-02 14:58:56 12556 [Note] InnoDB: Mutexes and rw_locks use Windows interlocked functions
2019-01-02 14:58:56 12556 [Note] InnoDB: Memory barrier is not used
2019-01-02 14:58:56 12556 [Note] InnoDB: Compressed tables use zlib 1.2.3
2019-01-02 14:58:56 12556 [Note] InnoDB: Not using CPU crc32 instructions
2019-01-02 14:58:56 12556 [Note] InnoDB: Initializing buffer pool, size = 128.0M
2019-01-02 14:58:56 12556 [Note] InnoDB: Completed initialization of buffer pool
2019-01-02 14:58:56 12556 [Note] InnoDB: Highest supported file format is Barracuda.
2019-01-02 14:58:58 12556 [Note] InnoDB: 128 rollback segment(s) are active.
2019-01-02 14:58:58 12556 [Note] InnoDB: Waiting for purge to start
2019-01-02 14:58:58 12556 [Note] InnoDB: 5.6.35 started; log sequence number 4835711
2019-01-02 14:58:58 12556 [Note] Server hostname (bind-address): '*'; port: 3306
2019-01-02 14:58:58 12556 [Note] IPv6 is available.
2019-01-02 14:58:58 12556 [Note]   - '::' resolves to '::';
2019-01-02 14:58:58 12556 [Note] Server socket created on IP: '::'.
2019-01-02 14:58:59 12556 [Note] Event Scheduler: Loaded 0 events
2019-01-02 14:58:59 12556 [Note] MySQL: ready for connections.
Version: '5.6.35'  socket: ''  port: 3306  MySQL Community Server (GPL)
2019-01-02 19:43:22 12556 [Note] MySQL: Normal shutdown

2019-01-02 19:43:22 12556 [Note] Giving 0 client threads a chance to die gracefully
2019-01-02 19:43:22 12556 [Note] Event Scheduler: Purging the queue. 0 events
2019-01-02 19:43:22 12556 [Note] Shutting down slave threads
2019-01-02 19:43:22 12556 [Note] Forcefully disconnecting 0 remaining clients
2019-01-02 19:43:22 12556 [Note] Binlog end
2019-01-02 19:43:22 12556 [Note] Shutting down plugin 'partition'
2019-01-02 19:43:22 12556 [Note] Shutting down plugin 'PERFORMANCE_SCHEMA'
2019-01-02 19:43:22 12556 [Note] Shutting down plugin 'INNODB_SYS_DATAFILES'
2019-01-02 19:43:22 12556 [Note] Shutting down plugin 'INNODB_SYS_TABLESPACES'
2019-01-02 19:43:22 12556 [Note] Shutting down plugin 'INNODB_SYS_FOREIGN_COLS'
2019-01-02 19:43:22 12556 [Note] Shutting down plugin 'INNODB_SYS_FOREIGN'
2019-01-02 19:43:22 12556 [Note] Shutting down plugin 'INNODB_SYS_FIELDS'
2019-01-02 19:43:22 12556 [Note] Shutting down plugin 'INNODB_SYS_COLUMNS'
2019-01-02 19:43:22 12556 [Note] Shutting down plugin 'INNODB_SYS_INDEXES'
2019-01-02 19:43:22 12556 [Note] Shutting down plugin 'INNODB_SYS_TABLESTATS'
2019-01-02 19:43:22 12556 [Note] Shutting down plugin 'INNODB_SYS_TABLES'
2019-01-02 19:43:22 12556 [Note] Shutting down plugin 'INNODB_FT_INDEX_TABLE'
2019-01-02 19:43:22 12556 [Note] Shutting down plugin 'INNODB_FT_INDEX_CACHE'
2019-01-02 19:43:22 12556 [Note] Shutting down plugin 'INNODB_FT_CONFIG'
2019-01-02 19:43:22 12556 [Note] Shutting down plugin 'INNODB_FT_BEING_DELETED'
2019-01-02 19:43:22 12556 [Note] Shutting down plugin 'INNODB_FT_DELETED'
2019-01-02 19:43:22 12556 [Note] Shutting down plugin 'INNODB_FT_DEFAULT_STOPWORD'
2019-01-02 19:43:22 12556 [Note] Shutting down plugin 'INNODB_METRICS'
2019-01-02 19:43:22 12556 [Note] Shutting down plugin 'INNODB_BUFFER_POOL_STATS'
2019-01-02 19:43:22 12556 [Note] Shutting down plugin 'INNODB_BUFFER_PAGE_LRU'
2019-01-02 19:43:22 12556 [Note] Shutting down plugin 'INNODB_BUFFER_PAGE'
2019-01-02 19:43:22 12556 [Note] Shutting down plugin 'INNODB_CMP_PER_INDEX_RESET'
2019-01-02 19:43:22 12556 [Note] Shutting down plugin 'INNODB_CMP_PER_INDEX'
2019-01-02 19:43:22 12556 [Note] Shutting down plugin 'INNODB_CMPMEM_RESET'
2019-01-02 19:43:22 12556 [Note] Shutting down plugin 'INNODB_CMPMEM'
2019-01-02 19:43:22 12556 [Note] Shutting down plugin 'INNODB_CMP_RESET'
2019-01-02 19:43:22 12556 [Note] Shutting down plugin 'INNODB_CMP'
2019-01-02 19:43:22 12556 [Note] Shutting down plugin 'INNODB_LOCK_WAITS'
2019-01-02 19:43:22 12556 [Note] Shutting down plugin 'INNODB_LOCKS'
2019-01-02 19:43:22 12556 [Note] Shutting down plugin 'INNODB_TRX'
2019-01-02 19:43:22 12556 [Note] Shutting down plugin 'InnoDB'
2019-01-02 19:43:22 12556 [Note] InnoDB: FTS optimize thread exiting.
2019-01-02 19:43:22 12556 [Note] InnoDB: Starting shutdown...
2019-01-02 19:43:23 12556 [Note] InnoDB: Shutdown completed; log sequence number 5252055
2019-01-02 19:43:23 12556 [Note] Shutting down plugin 'BLACKHOLE'
2019-01-02 19:43:23 12556 [Note] Shutting down plugin 'ARCHIVE'
2019-01-02 19:43:23 12556 [Note] Shutting down plugin 'MRG_MYISAM'
2019-01-02 19:43:23 12556 [Note] Shutting down plugin 'MyISAM'
2019-01-02 19:43:23 12556 [Note] Shutting down plugin 'MEMORY'
2019-01-02 19:43:23 12556 [Note] Shutting down plugin 'CSV'
2019-01-02 19:43:23 12556 [Note] Shutting down plugin 'sha256_password'
2019-01-02 19:43:23 12556 [Note] Shutting down plugin 'mysql_old_password'
2019-01-02 19:43:23 12556 [Note] Shutting down plugin 'mysql_native_password'
2019-01-02 19:43:23 12556 [Note] Shutting down plugin 'binlog'
2019-01-02 19:43:23 12556 [Note] MySQL: Shutdown complete

2019-01-03 14:52:03 18604 [Note] Plugin 'FEDERATED' is disabled.
2019-01-03 14:52:03 18604 [Note] InnoDB: Using atomics to ref count buffer pool pages
2019-01-03 14:52:03 18604 [Note] InnoDB: The InnoDB memory heap is disabled
2019-01-03 14:52:03 18604 [Note] InnoDB: Mutexes and rw_locks use Windows interlocked functions
2019-01-03 14:52:03 18604 [Note] InnoDB: Memory barrier is not used
2019-01-03 14:52:03 18604 [Note] InnoDB: Compressed tables use zlib 1.2.3
2019-01-03 14:52:03 18604 [Note] InnoDB: Not using CPU crc32 instructions
2019-01-03 14:52:03 18604 [Note] InnoDB: Initializing buffer pool, size = 128.0M
2019-01-03 14:52:03 18604 [Note] InnoDB: Completed initialization of buffer pool
2019-01-03 14:52:03 18604 [Note] InnoDB: Highest supported file format is Barracuda.
2019-01-03 14:52:05 18604 [Note] InnoDB: 128 rollback segment(s) are active.
2019-01-03 14:52:05 18604 [Note] InnoDB: Waiting for purge to start
2019-01-03 14:52:05 18604 [Note] InnoDB: 5.6.35 started; log sequence number 5252055
2019-01-03 14:52:05 18604 [Note] Server hostname (bind-address): '*'; port: 3306
2019-01-03 14:52:05 18604 [Note] IPv6 is available.
2019-01-03 14:52:05 18604 [Note]   - '::' resolves to '::';
2019-01-03 14:52:05 18604 [Note] Server socket created on IP: '::'.
2019-01-03 14:52:05 18604 [Note] Event Scheduler: Loaded 0 events
2019-01-03 14:52:05 18604 [Note] MySQL: ready for connections.
Version: '5.6.35'  socket: ''  port: 3306  MySQL Community Server (GPL)
2019-01-03 18:01:18 18604 [Note] MySQL: Normal shutdown

2019-01-03 18:01:18 18604 [Note] Giving 0 client threads a chance to die gracefully
2019-01-03 18:01:18 18604 [Note] Event Scheduler: Purging the queue. 0 events
2019-01-03 18:01:18 18604 [Note] Shutting down slave threads
2019-01-03 18:01:18 18604 [Note] Forcefully disconnecting 0 remaining clients
2019-01-03 18:01:18 18604 [Note] Binlog end
2019-01-03 18:01:18 18604 [Note] Shutting down plugin 'partition'
2019-01-03 18:01:18 18604 [Note] Shutting down plugin 'PERFORMANCE_SCHEMA'
2019-01-03 18:01:18 18604 [Note] Shutting down plugin 'INNODB_SYS_DATAFILES'
2019-01-03 18:01:18 18604 [Note] Shutting down plugin 'INNODB_SYS_TABLESPACES'
2019-01-03 18:01:18 18604 [Note] Shutting down plugin 'INNODB_SYS_FOREIGN_COLS'
2019-01-03 18:01:18 18604 [Note] Shutting down plugin 'INNODB_SYS_FOREIGN'
2019-01-03 18:01:18 18604 [Note] Shutting down plugin 'INNODB_SYS_FIELDS'
2019-01-03 18:01:18 18604 [Note] Shutting down plugin 'INNODB_SYS_COLUMNS'
2019-01-03 18:01:18 18604 [Note] Shutting down plugin 'INNODB_SYS_INDEXES'
2019-01-03 18:01:18 18604 [Note] Shutting down plugin 'INNODB_SYS_TABLESTATS'
2019-01-03 18:01:18 18604 [Note] Shutting down plugin 'INNODB_SYS_TABLES'
2019-01-03 18:01:18 18604 [Note] Shutting down plugin 'INNODB_FT_INDEX_TABLE'
2019-01-03 18:01:18 18604 [Note] Shutting down plugin 'INNODB_FT_INDEX_CACHE'
2019-01-03 18:01:18 18604 [Note] Shutting down plugin 'INNODB_FT_CONFIG'
2019-01-03 18:01:18 18604 [Note] Shutting down plugin 'INNODB_FT_BEING_DELETED'
2019-01-03 18:01:18 18604 [Note] Shutting down plugin 'INNODB_FT_DELETED'
2019-01-03 18:01:18 18604 [Note] Shutting down plugin 'INNODB_FT_DEFAULT_STOPWORD'
2019-01-03 18:01:18 18604 [Note] Shutting down plugin 'INNODB_METRICS'
2019-01-03 18:01:18 18604 [Note] Shutting down plugin 'INNODB_BUFFER_POOL_STATS'
2019-01-03 18:01:18 18604 [Note] Shutting down plugin 'INNODB_BUFFER_PAGE_LRU'
2019-01-03 18:01:18 18604 [Note] Shutting down plugin 'INNODB_BUFFER_PAGE'
2019-01-03 18:01:18 18604 [Note] Shutting down plugin 'INNODB_CMP_PER_INDEX_RESET'
2019-01-03 18:01:18 18604 [Note] Shutting down plugin 'INNODB_CMP_PER_INDEX'
2019-01-03 18:01:18 18604 [Note] Shutting down plugin 'INNODB_CMPMEM_RESET'
2019-01-03 18:01:18 18604 [Note] Shutting down plugin 'INNODB_CMPMEM'
2019-01-03 18:01:18 18604 [Note] Shutting down plugin 'INNODB_CMP_RESET'
2019-01-03 18:01:18 18604 [Note] Shutting down plugin 'INNODB_CMP'
2019-01-03 18:01:18 18604 [Note] Shutting down plugin 'INNODB_LOCK_WAITS'
2019-01-03 18:01:18 18604 [Note] Shutting down plugin 'INNODB_LOCKS'
2019-01-03 18:01:18 18604 [Note] Shutting down plugin 'INNODB_TRX'
2019-01-03 18:01:18 18604 [Note] Shutting down plugin 'InnoDB'
2019-01-03 18:01:18 18604 [Note] InnoDB: FTS optimize thread exiting.
2019-01-03 18:01:18 18604 [Note] InnoDB: Starting shutdown...
2019-01-03 18:01:19 18604 [Note] InnoDB: Shutdown completed; log sequence number 5320014
2019-01-03 18:01:19 18604 [Note] Shutting down plugin 'BLACKHOLE'
2019-01-03 18:01:19 18604 [Note] Shutting down plugin 'ARCHIVE'
2019-01-03 18:01:19 18604 [Note] Shutting down plugin 'MRG_MYISAM'
2019-01-03 18:01:19 18604 [Note] Shutting down plugin 'MyISAM'
2019-01-03 18:01:19 18604 [Note] Shutting down plugin 'MEMORY'
2019-01-03 18:01:19 18604 [Note] Shutting down plugin 'CSV'
2019-01-03 18:01:19 18604 [Note] Shutting down plugin 'sha256_password'
2019-01-03 18:01:19 18604 [Note] Shutting down plugin 'mysql_old_password'
2019-01-03 18:01:19 18604 [Note] Shutting down plugin 'mysql_native_password'
2019-01-03 18:01:19 18604 [Note] Shutting down plugin 'binlog'
2019-01-03 18:01:19 18604 [Note] MySQL: Shutdown complete

2019-01-03 22:41:36 14960 [Note] Plugin 'FEDERATED' is disabled.
2019-01-03 22:41:36 14960 [Note] InnoDB: Using atomics to ref count buffer pool pages
2019-01-03 22:41:36 14960 [Note] InnoDB: The InnoDB memory heap is disabled
2019-01-03 22:41:36 14960 [Note] InnoDB: Mutexes and rw_locks use Windows interlocked functions
2019-01-03 22:41:36 14960 [Note] InnoDB: Memory barrier is not used
2019-01-03 22:41:36 14960 [Note] InnoDB: Compressed tables use zlib 1.2.3
2019-01-03 22:41:36 14960 [Note] InnoDB: Not using CPU crc32 instructions
2019-01-03 22:41:36 14960 [Note] InnoDB: Initializing buffer pool, size = 128.0M
2019-01-03 22:41:36 14960 [Note] InnoDB: Completed initialization of buffer pool
2019-01-03 22:41:36 14960 [Note] InnoDB: Highest supported file format is Barracuda.
2019-01-03 22:41:38 14960 [Note] InnoDB: 128 rollback segment(s) are active.
2019-01-03 22:41:38 14960 [Note] InnoDB: Waiting for purge to start
2019-01-03 22:41:38 14960 [Note] InnoDB: 5.6.35 started; log sequence number 5320014
2019-01-03 22:41:38 14960 [Note] Server hostname (bind-address): '*'; port: 3306
2019-01-03 22:41:38 14960 [Note] IPv6 is available.
2019-01-03 22:41:38 14960 [Note]   - '::' resolves to '::';
2019-01-03 22:41:38 14960 [Note] Server socket created on IP: '::'.
2019-01-03 22:41:39 14960 [Note] Event Scheduler: Loaded 0 events
2019-01-03 22:41:39 14960 [Note] MySQL: ready for connections.
Version: '5.6.35'  socket: ''  port: 3306  MySQL Community Server (GPL)
2019-01-03 22:48:25 14960 [Note] MySQL: Normal shutdown

2019-01-03 22:48:25 14960 [Note] Giving 0 client threads a chance to die gracefully
2019-01-03 22:48:25 14960 [Note] Event Scheduler: Purging the queue. 0 events
2019-01-03 22:48:25 14960 [Note] Shutting down slave threads
2019-01-03 22:48:25 14960 [Note] Forcefully disconnecting 0 remaining clients
2019-01-03 22:48:26 14960 [Note] Binlog end
2019-01-03 22:48:26 14960 [Note] Shutting down plugin 'partition'
2019-01-03 22:48:26 14960 [Note] Shutting down plugin 'PERFORMANCE_SCHEMA'
2019-01-03 22:48:26 14960 [Note] Shutting down plugin 'INNODB_SYS_DATAFILES'
2019-01-03 22:48:26 14960 [Note] Shutting down plugin 'INNODB_SYS_TABLESPACES'
2019-01-03 22:48:26 14960 [Note] Shutting down plugin 'INNODB_SYS_FOREIGN_COLS'
2019-01-03 22:48:26 14960 [Note] Shutting down plugin 'INNODB_SYS_FOREIGN'
2019-01-03 22:48:26 14960 [Note] Shutting down plugin 'INNODB_SYS_FIELDS'
2019-01-03 22:48:26 14960 [Note] Shutting down plugin 'INNODB_SYS_COLUMNS'
2019-01-03 22:48:26 14960 [Note] Shutting down plugin 'INNODB_SYS_INDEXES'
2019-01-03 22:48:26 14960 [Note] Shutting down plugin 'INNODB_SYS_TABLESTATS'
2019-01-03 22:48:26 14960 [Note] Shutting down plugin 'INNODB_SYS_TABLES'
2019-01-03 22:48:26 14960 [Note] Shutting down plugin 'INNODB_FT_INDEX_TABLE'
2019-01-03 22:48:26 14960 [Note] Shutting down plugin 'INNODB_FT_INDEX_CACHE'
2019-01-03 22:48:26 14960 [Note] Shutting down plugin 'INNODB_FT_CONFIG'
2019-01-03 22:48:26 14960 [Note] Shutting down plugin 'INNODB_FT_BEING_DELETED'
2019-01-03 22:48:26 14960 [Note] Shutting down plugin 'INNODB_FT_DELETED'
2019-01-03 22:48:26 14960 [Note] Shutting down plugin 'INNODB_FT_DEFAULT_STOPWORD'
2019-01-03 22:48:26 14960 [Note] Shutting down plugin 'INNODB_METRICS'
2019-01-03 22:48:26 14960 [Note] Shutting down plugin 'INNODB_BUFFER_POOL_STATS'
2019-01-03 22:48:26 14960 [Note] Shutting down plugin 'INNODB_BUFFER_PAGE_LRU'
2019-01-03 22:48:26 14960 [Note] Shutting down plugin 'INNODB_BUFFER_PAGE'
2019-01-03 22:48:26 14960 [Note] Shutting down plugin 'INNODB_CMP_PER_INDEX_RESET'
2019-01-03 22:48:26 14960 [Note] Shutting down plugin 'INNODB_CMP_PER_INDEX'
2019-01-03 22:48:26 14960 [Note] Shutting down plugin 'INNODB_CMPMEM_RESET'
2019-01-03 22:48:26 14960 [Note] Shutting down plugin 'INNODB_CMPMEM'
2019-01-03 22:48:26 14960 [Note] Shutting down plugin 'INNODB_CMP_RESET'
2019-01-03 22:48:26 14960 [Note] Shutting down plugin 'INNODB_CMP'
2019-01-03 22:48:26 14960 [Note] Shutting down plugin 'INNODB_LOCK_WAITS'
2019-01-03 22:48:26 14960 [Note] Shutting down plugin 'INNODB_LOCKS'
2019-01-03 22:48:26 14960 [Note] Shutting down plugin 'INNODB_TRX'
2019-01-03 22:48:26 14960 [Note] Shutting down plugin 'InnoDB'
2019-01-03 22:48:26 14960 [Note] InnoDB: FTS optimize thread exiting.
2019-01-03 22:48:26 14960 [Note] InnoDB: Starting shutdown...
2019-01-03 22:48:27 14960 [Note] InnoDB: Shutdown completed; log sequence number 5351296
2019-01-03 22:48:27 14960 [Note] Shutting down plugin 'BLACKHOLE'
2019-01-03 22:48:27 14960 [Note] Shutting down plugin 'ARCHIVE'
2019-01-03 22:48:27 14960 [Note] Shutting down plugin 'MRG_MYISAM'
2019-01-03 22:48:27 14960 [Note] Shutting down plugin 'MyISAM'
2019-01-03 22:48:27 14960 [Note] Shutting down plugin 'MEMORY'
2019-01-03 22:48:27 14960 [Note] Shutting down plugin 'CSV'
2019-01-03 22:48:27 14960 [Note] Shutting down plugin 'sha256_password'
2019-01-03 22:48:27 14960 [Note] Shutting down plugin 'mysql_old_password'
2019-01-03 22:48:27 14960 [Note] Shutting down plugin 'mysql_native_password'
2019-01-03 22:48:27 14960 [Note] Shutting down plugin 'binlog'
2019-01-03 22:48:27 14960 [Note] MySQL: Shutdown complete

2019-01-04 13:46:13 16820 [Note] Plugin 'FEDERATED' is disabled.
2019-01-04 13:46:13 16820 [Note] InnoDB: Using atomics to ref count buffer pool pages
2019-01-04 13:46:13 16820 [Note] InnoDB: The InnoDB memory heap is disabled
2019-01-04 13:46:13 16820 [Note] InnoDB: Mutexes and rw_locks use Windows interlocked functions
2019-01-04 13:46:13 16820 [Note] InnoDB: Memory barrier is not used
2019-01-04 13:46:13 16820 [Note] InnoDB: Compressed tables use zlib 1.2.3
2019-01-04 13:46:13 16820 [Note] InnoDB: Not using CPU crc32 instructions
2019-01-04 13:46:13 16820 [Note] InnoDB: Initializing buffer pool, size = 128.0M
2019-01-04 13:46:13 16820 [Note] InnoDB: Completed initialization of buffer pool
2019-01-04 13:46:13 16820 [Note] InnoDB: Highest supported file format is Barracuda.
2019-01-04 13:46:14 16820 [Note] InnoDB: 128 rollback segment(s) are active.
2019-01-04 13:46:14 16820 [Note] InnoDB: Waiting for purge to start
2019-01-04 13:46:14 16820 [Note] InnoDB: 5.6.35 started; log sequence number 5351296
2019-01-04 13:46:14 16820 [Note] Server hostname (bind-address): '*'; port: 3306
2019-01-04 13:46:14 16820 [Note] IPv6 is available.
2019-01-04 13:46:14 16820 [Note]   - '::' resolves to '::';
2019-01-04 13:46:14 16820 [Note] Server socket created on IP: '::'.
2019-01-04 13:46:15 16820 [Note] Event Scheduler: Loaded 0 events
2019-01-04 13:46:15 16820 [Note] MySQL: ready for connections.
Version: '5.6.35'  socket: ''  port: 3306  MySQL Community Server (GPL)
2019-01-04 17:16:38 16820 [Note] MySQL: Normal shutdown

2019-01-04 17:16:38 16820 [Note] Giving 0 client threads a chance to die gracefully
2019-01-04 17:16:38 16820 [Note] Event Scheduler: Purging the queue. 0 events
2019-01-04 17:16:38 16820 [Note] Shutting down slave threads
2019-01-04 17:16:38 16820 [Note] Forcefully disconnecting 0 remaining clients
2019-01-04 17:16:38 16820 [Note] Binlog end
2019-01-04 17:16:38 16820 [Note] Shutting down plugin 'partition'
2019-01-04 17:16:38 16820 [Note] Shutting down plugin 'PERFORMANCE_SCHEMA'
2019-01-04 17:16:39 16820 [Note] Shutting down plugin 'INNODB_SYS_DATAFILES'
2019-01-04 17:16:39 16820 [Note] Shutting down plugin 'INNODB_SYS_TABLESPACES'
2019-01-04 17:16:39 16820 [Note] Shutting down plugin 'INNODB_SYS_FOREIGN_COLS'
2019-01-04 17:16:39 16820 [Note] Shutting down plugin 'INNODB_SYS_FOREIGN'
2019-01-04 17:16:39 16820 [Note] Shutting down plugin 'INNODB_SYS_FIELDS'
2019-01-04 17:16:39 16820 [Note] Shutting down plugin 'INNODB_SYS_COLUMNS'
2019-01-04 17:16:39 16820 [Note] Shutting down plugin 'INNODB_SYS_INDEXES'
2019-01-04 17:16:39 16820 [Note] Shutting down plugin 'INNODB_SYS_TABLESTATS'
2019-01-04 17:16:39 16820 [Note] Shutting down plugin 'INNODB_SYS_TABLES'
2019-01-04 17:16:39 16820 [Note] Shutting down plugin 'INNODB_FT_INDEX_TABLE'
2019-01-04 17:16:39 16820 [Note] Shutting down plugin 'INNODB_FT_INDEX_CACHE'
2019-01-04 17:16:39 16820 [Note] Shutting down plugin 'INNODB_FT_CONFIG'
2019-01-04 17:16:39 16820 [Note] Shutting down plugin 'INNODB_FT_BEING_DELETED'
2019-01-04 17:16:39 16820 [Note] Shutting down plugin 'INNODB_FT_DELETED'
2019-01-04 17:16:39 16820 [Note] Shutting down plugin 'INNODB_FT_DEFAULT_STOPWORD'
2019-01-04 17:16:39 16820 [Note] Shutting down plugin 'INNODB_METRICS'
2019-01-04 17:16:39 16820 [Note] Shutting down plugin 'INNODB_BUFFER_POOL_STATS'
2019-01-04 17:16:39 16820 [Note] Shutting down plugin 'INNODB_BUFFER_PAGE_LRU'
2019-01-04 17:16:39 16820 [Note] Shutting down plugin 'INNODB_BUFFER_PAGE'
2019-01-04 17:16:39 16820 [Note] Shutting down plugin 'INNODB_CMP_PER_INDEX_RESET'
2019-01-04 17:16:39 16820 [Note] Shutting down plugin 'INNODB_CMP_PER_INDEX'
2019-01-04 17:16:39 16820 [Note] Shutting down plugin 'INNODB_CMPMEM_RESET'
2019-01-04 17:16:39 16820 [Note] Shutting down plugin 'INNODB_CMPMEM'
2019-01-04 17:16:39 16820 [Note] Shutting down plugin 'INNODB_CMP_RESET'
2019-01-04 17:16:39 16820 [Note] Shutting down plugin 'INNODB_CMP'
2019-01-04 17:16:39 16820 [Note] Shutting down plugin 'INNODB_LOCK_WAITS'
2019-01-04 17:16:39 16820 [Note] Shutting down plugin 'INNODB_LOCKS'
2019-01-04 17:16:39 16820 [Note] Shutting down plugin 'INNODB_TRX'
2019-01-04 17:16:39 16820 [Note] Shutting down plugin 'InnoDB'
2019-01-04 17:16:39 16820 [Note] InnoDB: FTS optimize thread exiting.
2019-01-04 17:16:39 16820 [Note] InnoDB: Starting shutdown...
2019-01-04 17:16:40 16820 [Note] InnoDB: Shutdown completed; log sequence number 5635178
2019-01-04 17:16:40 16820 [Note] Shutting down plugin 'BLACKHOLE'
2019-01-04 17:16:40 16820 [Note] Shutting down plugin 'ARCHIVE'
2019-01-04 17:16:40 16820 [Note] Shutting down plugin 'MRG_MYISAM'
2019-01-04 17:16:40 16820 [Note] Shutting down plugin 'MyISAM'
2019-01-04 17:16:40 16820 [Note] Shutting down plugin 'MEMORY'
2019-01-04 17:16:40 16820 [Note] Shutting down plugin 'CSV'
2019-01-04 17:16:40 16820 [Note] Shutting down plugin 'sha256_password'
2019-01-04 17:16:40 16820 [Note] Shutting down plugin 'mysql_old_password'
2019-01-04 17:16:40 16820 [Note] Shutting down plugin 'mysql_native_password'
2019-01-04 17:16:40 16820 [Note] Shutting down plugin 'binlog'
2019-01-04 17:16:40 16820 [Note] MySQL: Shutdown complete

2019-01-05 01:27:21 6068 [Note] Plugin 'FEDERATED' is disabled.
2019-01-05 01:27:21 6068 [Note] InnoDB: Using atomics to ref count buffer pool pages
2019-01-05 01:27:21 6068 [Note] InnoDB: The InnoDB memory heap is disabled
2019-01-05 01:27:21 6068 [Note] InnoDB: Mutexes and rw_locks use Windows interlocked functions
2019-01-05 01:27:21 6068 [Note] InnoDB: Memory barrier is not used
2019-01-05 01:27:21 6068 [Note] InnoDB: Compressed tables use zlib 1.2.3
2019-01-05 01:27:21 6068 [Note] InnoDB: Not using CPU crc32 instructions
2019-01-05 01:27:21 6068 [Note] InnoDB: Initializing buffer pool, size = 128.0M
2019-01-05 01:27:21 6068 [Note] InnoDB: Completed initialization of buffer pool
2019-01-05 01:27:21 6068 [Note] InnoDB: Highest supported file format is Barracuda.
2019-01-05 01:27:23 6068 [Note] InnoDB: 128 rollback segment(s) are active.
2019-01-05 01:27:23 6068 [Note] InnoDB: Waiting for purge to start
2019-01-05 01:27:23 6068 [Note] InnoDB: 5.6.35 started; log sequence number 5635178
2019-01-05 01:27:23 6068 [Note] Server hostname (bind-address): '*'; port: 3306
2019-01-05 01:27:23 6068 [Note] IPv6 is available.
2019-01-05 01:27:23 6068 [Note]   - '::' resolves to '::';
2019-01-05 01:27:23 6068 [Note] Server socket created on IP: '::'.
2019-01-05 01:27:24 6068 [Note] Event Scheduler: Loaded 0 events
2019-01-05 01:27:24 6068 [Note] MySQL: ready for connections.
Version: '5.6.35'  socket: ''  port: 3306  MySQL Community Server (GPL)
2019-01-05 02:45:54 6068 [Note] MySQL: Normal shutdown

2019-01-05 02:45:54 6068 [Note] Giving 0 client threads a chance to die gracefully
2019-01-05 02:45:54 6068 [Note] Event Scheduler: Purging the queue. 0 events
2019-01-05 02:45:54 6068 [Note] Shutting down slave threads
2019-01-05 02:45:54 6068 [Note] Forcefully disconnecting 0 remaining clients
2019-01-05 02:45:54 6068 [Note] Binlog end
2019-01-05 02:45:54 6068 [Note] Shutting down plugin 'partition'
2019-01-05 02:45:54 6068 [Note] Shutting down plugin 'PERFORMANCE_SCHEMA'
2019-01-05 02:45:54 6068 [Note] Shutting down plugin 'INNODB_SYS_DATAFILES'
2019-01-05 02:45:54 6068 [Note] Shutting down plugin 'INNODB_SYS_TABLESPACES'
2019-01-05 02:45:54 6068 [Note] Shutting down plugin 'INNODB_SYS_FOREIGN_COLS'
2019-01-05 02:45:54 6068 [Note] Shutting down plugin 'INNODB_SYS_FOREIGN'
2019-01-05 02:45:54 6068 [Note] Shutting down plugin 'INNODB_SYS_FIELDS'
2019-01-05 02:45:54 6068 [Note] Shutting down plugin 'INNODB_SYS_COLUMNS'
2019-01-05 02:45:54 6068 [Note] Shutting down plugin 'INNODB_SYS_INDEXES'
2019-01-05 02:45:54 6068 [Note] Shutting down plugin 'INNODB_SYS_TABLESTATS'
2019-01-05 02:45:54 6068 [Note] Shutting down plugin 'INNODB_SYS_TABLES'
2019-01-05 02:45:54 6068 [Note] Shutting down plugin 'INNODB_FT_INDEX_TABLE'
2019-01-05 02:45:54 6068 [Note] Shutting down plugin 'INNODB_FT_INDEX_CACHE'
2019-01-05 02:45:54 6068 [Note] Shutting down plugin 'INNODB_FT_CONFIG'
2019-01-05 02:45:54 6068 [Note] Shutting down plugin 'INNODB_FT_BEING_DELETED'
2019-01-05 02:45:54 6068 [Note] Shutting down plugin 'INNODB_FT_DELETED'
2019-01-05 02:45:54 6068 [Note] Shutting down plugin 'INNODB_FT_DEFAULT_STOPWORD'
2019-01-05 02:45:54 6068 [Note] Shutting down plugin 'INNODB_METRICS'
2019-01-05 02:45:54 6068 [Note] Shutting down plugin 'INNODB_BUFFER_POOL_STATS'
2019-01-05 02:45:54 6068 [Note] Shutting down plugin 'INNODB_BUFFER_PAGE_LRU'
2019-01-05 02:45:54 6068 [Note] Shutting down plugin 'INNODB_BUFFER_PAGE'
2019-01-05 02:45:54 6068 [Note] Shutting down plugin 'INNODB_CMP_PER_INDEX_RESET'
2019-01-05 02:45:54 6068 [Note] Shutting down plugin 'INNODB_CMP_PER_INDEX'
2019-01-05 02:45:54 6068 [Note] Shutting down plugin 'INNODB_CMPMEM_RESET'
2019-01-05 02:45:54 6068 [Note] Shutting down plugin 'INNODB_CMPMEM'
2019-01-05 02:45:54 6068 [Note] Shutting down plugin 'INNODB_CMP_RESET'
2019-01-05 02:45:54 6068 [Note] Shutting down plugin 'INNODB_CMP'
2019-01-05 02:45:54 6068 [Note] Shutting down plugin 'INNODB_LOCK_WAITS'
2019-01-05 02:45:54 6068 [Note] Shutting down plugin 'INNODB_LOCKS'
2019-01-05 02:45:54 6068 [Note] Shutting down plugin 'INNODB_TRX'
2019-01-05 02:45:54 6068 [Note] Shutting down plugin 'InnoDB'
2019-01-05 02:45:54 6068 [Note] InnoDB: FTS optimize thread exiting.
2019-01-05 02:45:54 6068 [Note] InnoDB: Starting shutdown...
2019-01-05 02:45:55 6068 [Note] InnoDB: Shutdown completed; log sequence number 5752564
2019-01-05 02:45:55 6068 [Note] Shutting down plugin 'BLACKHOLE'
2019-01-05 02:45:55 6068 [Note] Shutting down plugin 'ARCHIVE'
2019-01-05 02:45:55 6068 [Note] Shutting down plugin 'MRG_MYISAM'
2019-01-05 02:45:55 6068 [Note] Shutting down plugin 'MyISAM'
2019-01-05 02:45:55 6068 [Note] Shutting down plugin 'MEMORY'
2019-01-05 02:45:55 6068 [Note] Shutting down plugin 'CSV'
2019-01-05 02:45:55 6068 [Note] Shutting down plugin 'sha256_password'
2019-01-05 02:45:55 6068 [Note] Shutting down plugin 'mysql_old_password'
2019-01-05 02:45:55 6068 [Note] Shutting down plugin 'mysql_native_password'
2019-01-05 02:45:55 6068 [Note] Shutting down plugin 'binlog'
2019-01-05 02:45:55 6068 [Note] MySQL: Shutdown complete

2019-01-08 12:57:55 11276 [Note] Plugin 'FEDERATED' is disabled.
2019-01-08 12:57:55 11276 [Note] InnoDB: Using atomics to ref count buffer pool pages
2019-01-08 12:57:55 11276 [Note] InnoDB: The InnoDB memory heap is disabled
2019-01-08 12:57:55 11276 [Note] InnoDB: Mutexes and rw_locks use Windows interlocked functions
2019-01-08 12:57:55 11276 [Note] InnoDB: Memory barrier is not used
2019-01-08 12:57:55 11276 [Note] InnoDB: Compressed tables use zlib 1.2.3
2019-01-08 12:57:55 11276 [Note] InnoDB: Not using CPU crc32 instructions
2019-01-08 12:57:55 11276 [Note] InnoDB: Initializing buffer pool, size = 128.0M
2019-01-08 12:57:55 11276 [Note] InnoDB: Completed initialization of buffer pool
2019-01-08 12:57:55 11276 [Note] InnoDB: Highest supported file format is Barracuda.
2019-01-08 12:57:57 11276 [Note] InnoDB: 128 rollback segment(s) are active.
2019-01-08 12:57:57 11276 [Note] InnoDB: Waiting for purge to start
2019-01-08 12:57:57 11276 [Note] InnoDB: 5.6.35 started; log sequence number 5752564
2019-01-08 12:57:57 11276 [Note] Server hostname (bind-address): '*'; port: 3306
2019-01-08 12:57:57 11276 [Note] IPv6 is available.
2019-01-08 12:57:57 11276 [Note]   - '::' resolves to '::';
2019-01-08 12:57:57 11276 [Note] Server socket created on IP: '::'.
2019-01-08 12:57:58 11276 [Note] Event Scheduler: Loaded 0 events
2019-01-08 12:57:58 11276 [Note] MySQL: ready for connections.
Version: '5.6.35'  socket: ''  port: 3306  MySQL Community Server (GPL)
2019-01-09 22:00:04 11276 [Note] MySQL: Normal shutdown

2019-01-09 22:00:04 11276 [Note] Giving 0 client threads a chance to die gracefully
2019-01-09 22:00:04 11276 [Note] Event Scheduler: Purging the queue. 0 events
2019-01-09 22:00:04 11276 [Note] Shutting down slave threads
2019-01-09 22:00:04 11276 [Note] Forcefully disconnecting 0 remaining clients
2019-01-09 22:00:04 11276 [Note] Binlog end
2019-01-09 22:00:04 11276 [Note] Shutting down plugin 'partition'
2019-01-09 22:00:04 11276 [Note] Shutting down plugin 'PERFORMANCE_SCHEMA'
2019-01-09 22:00:04 11276 [Note] Shutting down plugin 'INNODB_SYS_DATAFILES'
2019-01-09 22:00:04 11276 [Note] Shutting down plugin 'INNODB_SYS_TABLESPACES'
2019-01-09 22:00:04 11276 [Note] Shutting down plugin 'INNODB_SYS_FOREIGN_COLS'
2019-01-09 22:00:04 11276 [Note] Shutting down plugin 'INNODB_SYS_FOREIGN'
2019-01-09 22:00:04 11276 [Note] Shutting down plugin 'INNODB_SYS_FIELDS'
2019-01-09 22:00:04 11276 [Note] Shutting down plugin 'INNODB_SYS_COLUMNS'
2019-01-09 22:00:04 11276 [Note] Shutting down plugin 'INNODB_SYS_INDEXES'
2019-01-09 22:00:04 11276 [Note] Shutting down plugin 'INNODB_SYS_TABLESTATS'
2019-01-09 22:00:04 11276 [Note] Shutting down plugin 'INNODB_SYS_TABLES'
2019-01-09 22:00:04 11276 [Note] Shutting down plugin 'INNODB_FT_INDEX_TABLE'
2019-01-09 22:00:04 11276 [Note] Shutting down plugin 'INNODB_FT_INDEX_CACHE'
2019-01-09 22:00:04 11276 [Note] Shutting down plugin 'INNODB_FT_CONFIG'
2019-01-09 22:00:04 11276 [Note] Shutting down plugin 'INNODB_FT_BEING_DELETED'
2019-01-09 22:00:04 11276 [Note] Shutting down plugin 'INNODB_FT_DELETED'
2019-01-09 22:00:04 11276 [Note] Shutting down plugin 'INNODB_FT_DEFAULT_STOPWORD'
2019-01-09 22:00:04 11276 [Note] Shutting down plugin 'INNODB_METRICS'
2019-01-09 22:00:04 11276 [Note] Shutting down plugin 'INNODB_BUFFER_POOL_STATS'
2019-01-09 22:00:04 11276 [Note] Shutting down plugin 'INNODB_BUFFER_PAGE_LRU'
2019-01-09 22:00:04 11276 [Note] Shutting down plugin 'INNODB_BUFFER_PAGE'
2019-01-09 22:00:04 11276 [Note] Shutting down plugin 'INNODB_CMP_PER_INDEX_RESET'
2019-01-09 22:00:04 11276 [Note] Shutting down plugin 'INNODB_CMP_PER_INDEX'
2019-01-09 22:00:04 11276 [Note] Shutting down plugin 'INNODB_CMPMEM_RESET'
2019-01-09 22:00:04 11276 [Note] Shutting down plugin 'INNODB_CMPMEM'
2019-01-09 22:00:04 11276 [Note] Shutting down plugin 'INNODB_CMP_RESET'
2019-01-09 22:00:04 11276 [Note] Shutting down plugin 'INNODB_CMP'
2019-01-09 22:00:04 11276 [Note] Shutting down plugin 'INNODB_LOCK_WAITS'
2019-01-09 22:00:04 11276 [Note] Shutting down plugin 'INNODB_LOCKS'
2019-01-09 22:00:04 11276 [Note] Shutting down plugin 'INNODB_TRX'
2019-01-09 22:00:04 11276 [Note] Shutting down plugin 'InnoDB'
2019-01-09 22:00:04 11276 [Note] InnoDB: FTS optimize thread exiting.
2019-01-09 22:00:04 11276 [Note] InnoDB: Starting shutdown...
2019-01-09 22:00:05 11276 [Note] InnoDB: Shutdown completed; log sequence number 5795174
2019-01-09 22:00:05 11276 [Note] Shutting down plugin 'BLACKHOLE'
2019-01-09 22:00:05 11276 [Note] Shutting down plugin 'ARCHIVE'
2019-01-09 22:00:05 11276 [Note] Shutting down plugin 'MRG_MYISAM'
2019-01-09 22:00:05 11276 [Note] Shutting down plugin 'MyISAM'
2019-01-09 22:00:05 11276 [Note] Shutting down plugin 'MEMORY'
2019-01-09 22:00:05 11276 [Note] Shutting down plugin 'CSV'
2019-01-09 22:00:05 11276 [Note] Shutting down plugin 'sha256_password'
2019-01-09 22:00:05 11276 [Note] Shutting down plugin 'mysql_old_password'
2019-01-09 22:00:05 11276 [Note] Shutting down plugin 'mysql_native_password'
2019-01-09 22:00:05 11276 [Note] Shutting down plugin 'binlog'
2019-01-09 22:00:05 11276 [Note] MySQL: Shutdown complete

